
 Motor file not found:  MotorFile                                       
 Default motor used  :  Speed-400 3321 (6V) direct drive                                                

# QPROP Version 1.22
# 
# Test-clarky.mat                                                                 
# 
# Speed-400 3321 (6V) direct drive                                                
#   0.31000     R  (Ohm)                        
#   0.77000     Io (Amp)                        
#    2760.0     Kv (rpm/Volt)                   
# 
#   rho =  1.1210     kg/m^3
#   mu  = 0.17000E-04 kg/m-s
#   a   =  336.77     m/s   
# 
#  1         2        3          4          5         6            7         8       9        10        11        12          13        14        15      16          17           18      19
# 
#  V(m/s)    rpm      Dbeta      T(N)       Q(N-m)    Pshaft(W)    Volts     Amps    effmot   effprop   adv       CT          CP        DV(m/s)   eff     Pelec       Pprop        cl_avg  cd_avg
  115.749   5272.     25.052   28.26       10.01       5528.     899.245 2894.6279   0.0021   0.5917   0.69888  0.6500E-02  0.7678E-02   0.7676   0.0013  0.2603E+07   3271.       1.4512  0.3227    
  115.749   5272.     24.052   28.87       9.964       5501.     894.916 2880.6638   0.0021   0.6076   0.69888  0.6642E-02  0.7641E-02   0.7844   0.0013  0.2578E+07   3342.       1.4563  0.3080    
  115.749   5272.     23.052   29.45       9.918       5475.     890.791 2867.3572   0.0021   0.6226   0.69888  0.6775E-02  0.7605E-02   0.8000   0.0013  0.2554E+07   3409.       1.4608  0.2942    
  115.749   5272.     22.052   29.98       9.874       5451.     886.876 2854.7283   0.0022   0.6366   0.69888  0.6897E-02  0.7572E-02   0.8144   0.0014  0.2532E+07   3471.       1.4649  0.2813    
  115.749   5272.     21.052   30.47       9.833       5429.     883.177 2842.7957   0.0022   0.6498   0.69888  0.7010E-02  0.7540E-02   0.8277   0.0014  0.2511E+07   3527.       1.4686  0.2694    
  115.749   5272.     20.052   30.92       9.794       5407.     879.699 2831.5767   0.0022   0.6619   0.69888  0.7113E-02  0.7510E-02   0.8398   0.0014  0.2491E+07   3579.       1.4718  0.2585    
  115.749   5272.     19.052   31.33       9.758       5387.     876.448 2821.0884   0.0022   0.6731   0.69888  0.7206E-02  0.7482E-02   0.8508   0.0015  0.2473E+07   3626.       1.4746  0.2485    
  115.749   5272.     18.052   31.69       9.724       5368.     873.427 2811.3450   0.0022   0.6832   0.69888  0.7289E-02  0.7457E-02   0.8605   0.0015  0.2456E+07   3668.       1.4769  0.2394    
  115.749   5272.     17.052   32.32       9.604       5302.     862.655 2776.5969   0.0022   0.7056   0.69888  0.7436E-02  0.7364E-02   0.8777   0.0016  0.2395E+07   3741.       1.4732  0.2179    
  115.749   5272.     16.052   31.82       9.018       4979.     810.141 2607.1951   0.0024   0.7398   0.69888  0.7320E-02  0.6915E-02   0.8642   0.0017  0.2112E+07   3683.       1.4059  0.1792    
  115.749   5272.     15.052   30.43       8.217       4536.     738.349 2375.6104   0.0026   0.7764   0.69888  0.7000E-02  0.6301E-02   0.8265   0.0020  0.1754E+07   3522.       1.3070  0.1396    
  115.749   5272.     14.052   28.72       7.434       4104.     668.266 2149.5349   0.0029   0.8098   0.69888  0.6606E-02  0.5701E-02   0.7801   0.0023  0.1436E+07   3324.       1.2031  0.1069    
  115.749   5272.     13.052   26.80       6.686       3691.     601.195 1933.1780   0.0032   0.8406   0.69888  0.6166E-02  0.5127E-02   0.7283   0.0027  0.1162E+07   3103.       1.0992  0.8008E-01
  115.749   5272.     12.052   24.70       5.971       3296.     537.145 1726.5637   0.0036   0.8672   0.69888  0.5681E-02  0.4579E-02   0.6712   0.0031  0.9274E+06   2859.       0.9953  0.5922E-01
  115.749   5272.     11.052   22.39       5.290       2920.     476.120 1529.7078   0.0040   0.8874   0.69888  0.5150E-02  0.4056E-02   0.6087   0.0036  0.7283E+06   2592.       0.8915  0.4429E-01
  115.749   5272.     10.052   19.89       4.643       2563.     418.125 1342.6276   0.0046   0.8980   0.69888  0.4574E-02  0.3560E-02   0.5408   0.0041  0.5614E+06   2302.       0.7876  0.3530E-01
  115.749   5272.      9.052   17.19       4.028       2224.     363.093 1165.1072   0.0053   0.8946   0.69888  0.3954E-02  0.3089E-02   0.4676   0.0047  0.4230E+06   1990.       0.6838  0.3210E-01
  115.749   5272.      8.052   14.38       3.432       1895.     309.677  992.7952   0.0062   0.8786   0.69888  0.3309E-02  0.2632E-02   0.3914   0.0054  0.3074E+06   1665.       0.5799  0.3208E-01
  115.749   5272.      7.052   11.53       2.842       1569.     256.826  822.3088   0.0074   0.8505   0.69888  0.2652E-02  0.2180E-02   0.3139   0.0063  0.2112E+06   1335.       0.4760  0.3336E-01
  115.749   5272.      6.052   8.640       2.258       1247.     204.495  653.4999   0.0093   0.8021   0.69888  0.1988E-02  0.1732E-02   0.2353   0.0075  0.1336E+06   1000.       0.3722  0.3559E-01
  115.749   5272.      5.052   5.718       1.680       927.5     152.682  486.3609   0.0125   0.7135   0.69888  0.1315E-02  0.1288E-02   0.1557   0.0089  0.7426E+05   661.8       0.2684  0.3872E-01
  115.749   5272.      4.052   2.762       1.108       611.5     101.387  320.8932   0.0188   0.5229   0.69888  0.6355E-03  0.8493E-03   0.0753   0.0098  0.3253E+05   319.8       0.1645  0.4274E-01
  115.749   5272.      3.052 -0.2257      0.5409       298.6      50.612  157.1016   0.0376  -0.0875   0.69888 -0.5191E-04  0.4148E-03  -0.0061  -0.0033   7951.      -26.12       0.0607  0.4766E-01
  115.749   5272.      2.052  -3.702      0.1584       87.45      16.342   46.5541   0.1150  -4.9000   0.69888 -0.8516E-03  0.1215E-03  -0.1010  -0.5633   760.8      -428.5      -0.0379  0.7422E-01
  115.749   5272.      1.052  -4.794      0.1898       104.8      19.157   55.6364   0.0983  -5.2944   0.69888 -0.1103E-02  0.1456E-03  -0.1307  -0.5206   1066.      -554.9      -0.0585  0.9614E-01
  115.749   5272.      0.052  -5.340      0.2373       131.0      23.413   69.3627   0.0807  -4.7175   0.69888 -0.1228E-02  0.1820E-03  -0.1456  -0.3806   1624.      -618.1      -0.0649  0.1099    
  115.749   5272.     -0.948  -5.791      0.3035       167.6      29.343   88.4921   0.0645  -4.0007   0.69888 -0.1332E-02  0.2327E-03  -0.1580  -0.2582   2597.      -670.4      -0.0656  0.1233    
  115.749   5272.     -1.948  -6.214      0.3772       208.2      35.947  109.7955   0.0528  -3.4538   0.69888 -0.1429E-02  0.2893E-03  -0.1695  -0.1822   3947.      -719.2      -0.0653  0.1365    
  115.749   5272.     -2.948  -6.672      0.4570       252.3      43.096  132.8573   0.0441  -3.0611   0.69888 -0.1535E-02  0.3504E-03  -0.1820  -0.1349   5726.      -772.3      -0.0650  0.1509    
  115.749   5272.     -3.948  -7.166      0.5428       299.7      50.782  157.6497   0.0374  -2.7682   0.69888 -0.1649E-02  0.4162E-03  -0.1955  -0.1036   8006.      -829.5      -0.0647  0.1663    
  115.749   5272.     -4.948  -7.695      0.6345       350.3      58.994  184.1432   0.0322  -2.5431   0.69888 -0.1770E-02  0.4865E-03  -0.2099  -0.0820  0.1086E+05  -890.7      -0.0643  0.1828    
  115.749   5272.     -5.948  -8.259      0.7319       404.1      67.725  212.3059   0.0281  -2.3659   0.69888 -0.1900E-02  0.5612E-03  -0.2253  -0.0665  0.1438E+05  -955.9      -0.0640  0.2004    
  115.749   5272.     -6.948  -8.856      0.8350       461.0      76.962  242.1040   0.0247  -2.2236   0.69888 -0.2037E-02  0.6403E-03  -0.2416  -0.0550  0.1863E+05  -1025.      -0.0636  0.2190    
  115.749   5272.     -7.948  -9.485      0.9436       520.9      86.696  273.5018   0.0220  -2.1076   0.69888 -0.2182E-02  0.7236E-03  -0.2588  -0.0463  0.2371E+05  -1098.      -0.0632  0.2386    
  115.749   5272.     -8.948  -10.15       1.058       583.9      96.913  306.4616   0.0197  -2.0115   0.69888 -0.2334E-02  0.8110E-03  -0.2769  -0.0395  0.2970E+05  -1175.      -0.0627  0.2592    
  115.749   5272.     -9.948  -10.84       1.177       649.8     107.603  340.9439   0.0177  -1.9311   0.69888 -0.2494E-02  0.9025E-03  -0.2959  -0.0342  0.3669E+05  -1255.      -0.0623  0.2808    
  115.749   5272.    -10.948  -11.56       1.301       718.5     118.751  376.9073   0.0161  -1.8630   0.69888 -0.2660E-02  0.9979E-03  -0.3156  -0.0299  0.4476E+05  -1339.      -0.0618  0.3034    
  115.749   5272.    -11.948  -12.32       1.431       789.9     130.346  414.3087   0.0146  -1.8049   0.69888 -0.2833E-02  0.1097E-02  -0.3362  -0.0264  0.5400E+05  -1426.      -0.0613  0.3268    
  115.749   5272.    -12.948  -13.10       1.565       864.0     142.372  453.1030   0.0134  -1.7548   0.69888 -0.3013E-02  0.1200E-02  -0.3576  -0.0235  0.6451E+05  -1516.      -0.0608  0.3512    
  115.749   5272.    -13.948  -13.91       1.704       940.7     154.816  493.2439   0.0123  -1.7113   0.69888 -0.3199E-02  0.1307E-02  -0.3797  -0.0211  0.7636E+05  -1610.      -0.0603  0.3764    
  115.749   5272.    -14.948  -14.74       1.847       1020.     167.662  534.6831   0.0114  -1.6734   0.69888 -0.3392E-02  0.1417E-02  -0.4026  -0.0190  0.8965E+05  -1707.      -0.0598  0.4024    
  115.749   5272.    -15.948  -15.60       1.995       1101.     180.895  577.3707   0.0105  -1.6400   0.69888 -0.3590E-02  0.1530E-02  -0.4261  -0.0173  0.1044E+06  -1806.      -0.0592  0.4292    
  115.749   5272.    -16.948  -16.49       2.147       1185.     194.499  621.2557   0.0098  -1.6105   0.69888 -0.3794E-02  0.1646E-02  -0.4504  -0.0158  0.1208E+06  -1909.      -0.0586  0.4568    
  115.749   5272.    -17.948  -17.40       2.303       1271.     208.459  666.2853   0.0092  -1.5844   0.69888 -0.4003E-02  0.1766E-02  -0.4753  -0.0145  0.1389E+06  -2014.      -0.0580  0.4851    
  115.749   5272.    -18.948  -18.33       2.462       1359.     222.756  712.4057   0.0086  -1.5610   0.69888 -0.4217E-02  0.1888E-02  -0.5008  -0.0134  0.1587E+06  -2122.      -0.0574  0.5141    
  115.749   5272.    -19.948  -19.28       2.625       1449.     237.374  759.5609   0.0080  -1.5401   0.69888 -0.4436E-02  0.2013E-02  -0.5268  -0.0124  0.1803E+06  -2232.      -0.0568  0.5437    
  115.749   5272.    -20.948  -20.26       2.792       1541.     252.296  807.6950   0.0076  -1.5213   0.69888 -0.4660E-02  0.2141E-02  -0.5535  -0.0115  0.2038E+06  -2345.      -0.0561  0.5740    
  115.749   5272.    -21.948  -21.25       2.962       1635.     267.503  856.7499   0.0071  -1.5043   0.69888 -0.4888E-02  0.2271E-02  -0.5807  -0.0107  0.2292E+06  -2460.      -0.0555  0.6049    
  115.749   5272.    -22.948  -22.26       3.134       1730.     282.977  906.6669   0.0067  -1.4889   0.69888 -0.5120E-02  0.2403E-02  -0.6083  -0.0100  0.2566E+06  -2576.      -0.0548  0.6363    
  115.749   5272.    -23.948  -23.28       3.310       1827.     298.700  957.3860   0.0064  -1.4749   0.69888 -0.5356E-02  0.2538E-02  -0.6364  -0.0094  0.2860E+06  -2695.      -0.0541  0.6682    
  115.749   5272.    -24.948  -24.32       3.488       1926.     314.652 1008.8464   0.0061  -1.4622   0.69888 -0.5595E-02  0.2674E-02  -0.6649  -0.0089  0.3174E+06  -2815.      -0.0534  0.7006    
  115.749   5272.    -25.948  -25.38       3.668       2025.     330.816 1060.9863   0.0058  -1.4505   0.69888 -0.5838E-02  0.2813E-02  -0.6938  -0.0084  0.3510E+06  -2937.      -0.0526  0.7334    
  115.749   5272.    -26.948  -26.44       3.851       2126.     347.170 1113.7432   0.0055  -1.4398   0.69888 -0.6083E-02  0.2953E-02  -0.7231  -0.0079  0.3867E+06  -3061.      -0.0519  0.7666    
  115.749   5272.    -27.948  -27.52       4.035       2228.     363.697 1167.0537   0.0052  -1.4300   0.69888 -0.6331E-02  0.3094E-02  -0.7526  -0.0075  0.4245E+06  -3186.      -0.0511  0.8001    
  115.749   5272.    -28.948  -28.61       4.221       2330.     380.375 1220.8544   0.0050  -1.4210   0.69888 -0.6581E-02  0.3237E-02  -0.7825  -0.0071  0.4644E+06  -3312.      -0.0504  0.8340    
  115.749   5272.    -29.948  -29.71       4.409       2434.     397.185 1275.0802   0.0048  -1.4126   0.69888 -0.6834E-02  0.3381E-02  -0.8126  -0.0068  0.5064E+06  -3438.      -0.0496  0.8681    
  115.749   5272.    -30.948  -30.81       4.598       2538.     414.107 1329.6665   0.0046  -1.4049   0.69888 -0.7087E-02  0.3526E-02  -0.8428  -0.0065  0.5506E+06  -3566.      -0.0487  0.9025    
  115.749   5272.    -31.948  -31.92       4.788       2643.     431.120 1384.5475   0.0044  -1.3977   0.69888 -0.7342E-02  0.3671E-02  -0.8733  -0.0062  0.5969E+06  -3694.      -0.0479  0.9370    
  115.749   5272.    -32.948  -33.03       4.978       2748.     448.204 1439.6576   0.0043  -1.3911   0.69888 -0.7598E-02  0.3817E-02  -0.9039  -0.0059  0.6453E+06  -3823.      -0.0471  0.9717    
  115.749   5272.    -33.948  -34.15       5.170       2854.     465.339 1494.9310   0.0041  -1.3849   0.69888 -0.7855E-02  0.3964E-02  -0.9345  -0.0057  0.6956E+06  -3952.      -0.0462   1.006    
  115.749   5272.    -34.948  -35.26       5.361       2960.     482.503 1550.3013   0.0040  -1.3791   0.69888 -0.8112E-02  0.4111E-02  -0.9652  -0.0055  0.7480E+06  -4082.      -0.0454   1.041    
