
 Motor file not found:  MotorFile                                       
 Default motor used  :  Speed-400 3321 (6V) direct drive                                                

# QPROP Version 1.22
# 
# Test-clarkysmoothAF.mat                                                         
# 
# Speed-400 3321 (6V) direct drive                                                
#   0.31000     R  (Ohm)                        
#   0.77000     Io (Amp)                        
#    2760.0     Kv (rpm/Volt)                   
# 
#   rho =  1.0239     kg/m^3
#   mu  = 0.17000E-04 kg/m-s
#   a   =  333.20     m/s   
# 
#  1         2        3          4          5         6            7         8       9        10        11        12          13        14        15      16          17           18      19
# 
#  V(m/s)    rpm      Dbeta      T(N)       Q(N-m)    Pshaft(W)    Volts     Amps    effmot   effprop   adv       CT          CP        DV(m/s)   eff     Pelec       Pprop        cl_avg  cd_avg
 GVCALC: Not converged.  Res a CL =  -5.96046448E-07   1.56312490       9.69565436E-02
    0.000   1101.     17.329   7675.      0.1290E+05  0.1487E+07******************   0.0000   0.0000   0.00000  0.6728E-01  0.7437E-01  45.4489   0.0000  0.4307E+13   0.000       1.1382   1.069    
    0.000   1101.     16.329   7909.      0.1258E+05  0.1450E+07******************   0.0000   0.0000   0.00000  0.6933E-01  0.7254E-01  46.1343   0.0000  0.4097E+13   0.000       1.1601   1.031    
    0.000   1101.     15.329   8139.      0.1226E+05  0.1414E+07******************   0.0000   0.0000   0.00000  0.7134E-01  0.7072E-01  46.8008   0.0000  0.3894E+13   0.000       1.1815  0.9935    
    0.000   1101.     14.329   8366.      0.1195E+05  0.1378E+07******************   0.0000   0.0000   0.00000  0.7333E-01  0.6892E-01  47.4485   0.0000  0.3698E+13   0.000       1.2023  0.9560    
    0.000   1101.     13.329   8589.      0.1164E+05  0.1342E+07******************   0.0000   0.0000   0.00000  0.7529E-01  0.6713E-01  48.0778   0.0000  0.3509E+13   0.000       1.2226  0.9187    
    0.000   1101.     12.329   8809.      0.1133E+05  0.1307E+07******************   0.0000   0.0000   0.00000  0.7722E-01  0.6536E-01  48.6888   0.0000  0.3327E+13   0.000       1.2424  0.8818    
    0.000   1101.     11.329   9025.      0.1103E+05  0.1272E+07******************   0.0000   0.0000   0.00000  0.7911E-01  0.6362E-01  49.2818   0.0000  0.3152E+13   0.000       1.2615  0.8452    
    0.000   1101.     10.329   9237.      0.1073E+05  0.1237E+07******************   0.0000   0.0000   0.00000  0.8097E-01  0.6190E-01  49.8570   0.0000  0.2983E+13   0.000       1.2802  0.8090    
    0.000   1101.      9.329   9444.      0.1044E+05  0.1203E+07******************   0.0000   0.0000   0.00000  0.8279E-01  0.6021E-01  50.4145   0.0000  0.2822E+13   0.000       1.2983  0.7732    
    0.000   1101.      8.329   9648.      0.1015E+05  0.1170E+07******************   0.0000   0.0000   0.00000  0.8457E-01  0.5854E-01  50.9546   0.0000  0.2668E+13   0.000       1.3158  0.7380    
    0.000   1101.      7.329   9847.       9867.      0.1137E+07******************   0.0000   0.0000   0.00000  0.8631E-01  0.5690E-01  51.4772   0.0000  0.2521E+13   0.000       1.3328  0.7033    
    0.000   1101.      6.329  0.1004E+05   9589.      0.1105E+07******************   0.0000   0.0000   0.00000  0.8802E-01  0.5530E-01  51.9827   0.0000  0.2381E+13   0.000       1.3492  0.6691    
    0.000   1101.      5.329  0.1023E+05   9316.      0.1074E+07******************   0.0000   0.0000   0.00000  0.8968E-01  0.5373E-01  52.4710   0.0000  0.2248E+13   0.000       1.3651  0.6356    
    0.000   1101.      4.329  0.1042E+05   9050.      0.1043E+07******************   0.0000   0.0000   0.00000  0.9130E-01  0.5219E-01  52.9424   0.0000  0.2121E+13   0.000       1.3805  0.6027    
    0.000   1101.      3.329  0.1059E+05   8790.      0.1013E+07******************   0.0000   0.0000   0.00000  0.9287E-01  0.5069E-01  53.3970   0.0000  0.2001E+13   0.000       1.3953  0.5706    
    0.000   1101.      2.329  0.1077E+05   8537.      0.9841E+06******************   0.0000   0.0000   0.00000  0.9440E-01  0.4923E-01  53.8347   0.0000  0.1887E+13   0.000       1.4095  0.5392    
    0.000   1101.      1.329  0.1094E+05   8291.      0.9557E+06******************   0.0000   0.0000   0.00000  0.9588E-01  0.4781E-01  54.2559   0.0000  0.1780E+13   0.000       1.4232  0.5085    
    0.000   1101.      0.329  0.1110E+05   8052.      0.9281E+06******************   0.0000   0.0000   0.00000  0.9732E-01  0.4643E-01  54.6604   0.0000  0.1679E+13   0.000       1.4364  0.4787    
    0.000   1101.     -0.671  0.1126E+05   7820.      0.9014E+06******************   0.0000   0.0000   0.00000  0.9871E-01  0.4510E-01  55.0486   0.0000  0.1584E+13   0.000       1.4490  0.4498    
    0.000   1101.     -1.671  0.1141E+05   7596.      0.8756E+06******************   0.0000   0.0000   0.00000  0.1000      0.4380E-01  55.4203   0.0000  0.1494E+13   0.000       1.4611  0.4217    
    0.000   1101.     -2.671  0.1156E+05   7379.      0.8507E+06******************   0.0000   0.0000   0.00000  0.1013      0.4256E-01  55.7757   0.0000  0.1410E+13   0.000       1.4726  0.3945    
    0.000   1101.     -3.671  0.1170E+05   7171.      0.8266E+06******************   0.0000   0.0000   0.00000  0.1026      0.4136E-01  56.1150   0.0000  0.1332E+13   0.000       1.4836  0.3682    
    0.000   1101.     -4.671  0.1184E+05   6971.      0.8036E+06******************   0.0000   0.0000   0.00000  0.1038      0.4020E-01  56.4381   0.0000  0.1258E+13   0.000       1.4941  0.3430    
    0.000   1101.     -5.671  0.1197E+05   6779.      0.7815E+06******************   0.0000   0.0000   0.00000  0.1049      0.3910E-01  56.7452   0.0000  0.1190E+13   0.000       1.5040  0.3187    
    0.000   1101.     -6.671  0.1209E+05   6596.      0.7603E+06******************   0.0000   0.0000   0.00000  0.1060      0.3804E-01  57.0363   0.0000  0.1127E+13   0.000       1.5134  0.2954    
    0.000   1101.     -7.671  0.1221E+05   6421.      0.7402E+06******************   0.0000   0.0000   0.00000  0.1070      0.3703E-01  57.3115   0.0000  0.1068E+13   0.000       1.5222  0.2732    
    0.000   1101.     -8.671  0.1232E+05   6256.      0.7211E+06******************   0.0000   0.0000   0.00000  0.1080      0.3608E-01  57.5710   0.0000  0.1013E+13   0.000       1.5305  0.2520    
    0.000   1101.     -9.671  0.1242E+05   6099.      0.7030E+06******************   0.0000   0.0000   0.00000  0.1089      0.3517E-01  57.8147   0.0000  0.9632E+12   0.000       1.5383  0.2319    
    0.000   1101.    -10.671  0.1252E+05   5951.      0.6860E+06******************   0.0000   0.0000   0.00000  0.1097      0.3432E-01  58.0428   0.0000  0.9170E+12   0.000       1.5455  0.2129    
    0.000   1101.    -11.671  0.1261E+05   5812.      0.6700E+06******************   0.0000   0.0000   0.00000  0.1105      0.3352E-01  58.2553   0.0000  0.8747E+12   0.000       1.5522  0.1950    
    0.000   1101.    -12.671  0.1270E+05   5682.      0.6550E+06******************   0.0000   0.0000   0.00000  0.1113      0.3277E-01  58.4523   0.0000  0.8361E+12   0.000       1.5584  0.1782    
    0.000   1101.    -13.671  0.1277E+05   5562.      0.6411E+06******************   0.0000   0.0000   0.00000  0.1120      0.3208E-01  58.6340   0.0000  0.8011E+12   0.000       1.5641  0.1625    
    0.000   1101.    -14.671  0.1285E+05   5451.      0.6283E+06******************   0.0000   0.0000   0.00000  0.1126      0.3144E-01  58.8003   0.0000  0.7694E+12   0.000       1.5692  0.1480    
    0.000   1101.    -15.671  0.1289E+05   5263.      0.6067E+06******************   0.0000   0.0000   0.00000  0.1130      0.3035E-01  58.8882   0.0000  0.7174E+12   0.000       1.5690  0.1294    
    0.000   1101.    -16.671  0.1276E+05   4987.      0.5749E+06******************   0.0000   0.0000   0.00000  0.1119      0.2876E-01  58.6110   0.0000  0.6440E+12   0.000       1.5476  0.1099    
    0.000   1101.    -17.671  0.1251E+05   4696.      0.5413E+06******************   0.0000   0.0000   0.00000  0.1097      0.2708E-01  58.0274   0.0000  0.5710E+12   0.000       1.5099  0.9453E-01
    0.000   1101.    -18.671  0.1217E+05   4382.      0.5052E+06******************   0.0000   0.0000   0.00000  0.1067      0.2527E-01  57.2233   0.0000  0.4974E+12   0.000       1.4606  0.8075E-01
    0.000   1101.    -19.671  0.1177E+05   4067.      0.4688E+06******************   0.0000   0.0000   0.00000  0.1032      0.2345E-01  56.2762   0.0000  0.4283E+12   0.000       1.4045  0.6858E-01
    0.000   1101.    -20.671  0.1132E+05   3768.      0.4343E+06******************   0.0000   0.0000   0.00000  0.9925E-01  0.2173E-01  55.1992   0.0000  0.3677E+12   0.000       1.3438  0.5973E-01
    0.000   1101.    -21.671  0.1084E+05   3484.      0.4016E+06******************   0.0000   0.0000   0.00000  0.9503E-01  0.2009E-01  54.0137   0.0000  0.3144E+12   0.000       1.2799  0.5351E-01
    0.000   1101.    -22.671  0.1035E+05   3197.      0.3686E+06******************   0.0000   0.0000   0.00000  0.9072E-01  0.1844E-01  52.7749   0.0000  0.2647E+12   0.000       1.2149  0.4637E-01
    0.000   1101.    -23.671   9843.       2932.      0.3380E+06******************   0.0000   0.0000   0.00000  0.8628E-01  0.1691E-01  51.4679   0.0000  0.2226E+12   0.000       1.1494  0.4142E-01
    0.000   1101.    -24.671   9324.       2665.      0.3072E+06******************   0.0000   0.0000   0.00000  0.8173E-01  0.1537E-01  50.0921   0.0000  0.1839E+12   0.000       1.0825  0.3575E-01
    0.000   1101.    -25.671   8799.       2421.      0.2791E+06******************   0.0000   0.0000   0.00000  0.7713E-01  0.1396E-01  48.6629   0.0000  0.1518E+12   0.000       1.0163  0.3192E-01
    0.000   1101.    -26.671   8267.       2180.      0.2513E+06******************   0.0000   0.0000   0.00000  0.7247E-01  0.1257E-01  47.1690   0.0000  0.1231E+12   0.000       0.9496  0.2754E-01
    0.000   1101.    -27.671   7732.       1960.      0.2259E+06******************   0.0000   0.0000   0.00000  0.6778E-01  0.1130E-01  45.6166   0.0000  0.9948E+11   0.000       0.8836  0.2469E-01
    0.000   1101.    -28.671   7199.       1749.      0.2016E+06******************   0.0000   0.0000   0.00000  0.6310E-01  0.1008E-01  44.0156   0.0000  0.7919E+11   0.000       0.8184  0.2145E-01
    0.000   1101.    -29.671   6661.       1555.      0.1793E+06******************   0.0000   0.0000   0.00000  0.5839E-01  0.8968E-02  42.3395   0.0000  0.6262E+11   0.000       0.7537  0.1945E-01
    0.000   1101.    -30.671   6130.       1376.      0.1587E+06******************   0.0000   0.0000   0.00000  0.5374E-01  0.7938E-02  40.6167   0.0000  0.4907E+11   0.000       0.6905  0.1778E-01
    0.000   1101.    -31.671   5605.       1208.      0.1392E+06******************   0.0000   0.0000   0.00000  0.4913E-01  0.6964E-02  38.8369   0.0000  0.3776E+11   0.000       0.6284  0.1580E-01
    0.000   1101.    -32.672   5084.       1056.      0.1217E+06******************   0.0000   0.0000   0.00000  0.4457E-01  0.6089E-02  36.9908   0.0000  0.2887E+11   0.000       0.5677  0.1468E-01
    0.000   1101.    -33.672   4578.       918.8      0.1059E+06******************   0.0000   0.0000   0.00000  0.4013E-01  0.5299E-02  35.0995   0.0000  0.2186E+11   0.000       0.5092  0.1378E-01
    0.000   1101.    -34.672   4086.       793.0      0.9142E+05******************   0.0000   0.0000   0.00000  0.3582E-01  0.4573E-02  33.1600   0.0000  0.1629E+11   0.000       0.4527  0.1262E-01
    0.000   1101.    -35.672   3610.       683.3      0.7877E+05******************   0.0000   0.0000   0.00000  0.3165E-01  0.3941E-02  31.1709   0.0000  0.1209E+11   0.000       0.3986  0.1206E-01
    0.000   1101.    -36.672   3161.       587.9      0.6777E+05******************   0.0000   0.0000   0.00000  0.2771E-01  0.3390E-02  29.1683   0.0000  0.8951E+10   0.000       0.3480  0.1162E-01
 GVCALC: Not converged.  Res a CL =  -3.27611342E-05  -5.26653044E-02   2.64016329E-03
    0.000   1101.    -37.672   2747.       504.4      0.5814E+05******************   0.0000   0.0000   0.00000  0.2408E-01  0.2909E-02  27.1900   0.0000  0.6588E+10   0.000       0.3015  0.1097E-01
 GVCALC: Not converged.  Res a CL =   3.51834726     -0.112715088     -0.509134531    
    0.000   1101.    -38.672   2188.       427.6      0.4929E+05******************   0.0000   0.0000   0.00000  0.1918E-01  0.2466E-02  24.2643   0.0000  0.4735E+10   0.000       0.2400  0.1118E-01
 GVCALC: Not converged.  Res a CL =              NaN  -6.49446100E-02 -0.100882977    
 GVCALC: Not converged.  Res a CL =              NaN  -6.79960027E-02 -0.128067285    
    0.000   1101.    -39.672   1943.       378.3      0.4361E+05******************   0.0000   0.0000   0.00000  0.1703E-01  0.2182E-02  22.8643   0.0000  0.3706E+10   0.000       0.2124  0.1059E-01
 GVCALC: Not converged.  Res a CL =              NaN  -6.29323795E-02  -8.30117911E-02
 GVCALC: Not converged.  Res a CL =              NaN  -6.38558343E-02  -9.17010680E-02
 GVCALC: Not converged.  Res a CL =              NaN  -6.33623526E-02  -8.85437727E-02
    0.000   1101.    -40.672   1622.       331.4      0.3821E+05********95798.1953   0.0000   0.0000   0.00000  0.1422E-01  0.1911E-02  20.8921   0.0000  0.2845E+10   0.000       0.1771  0.1041E-01
 GVCALC: Not converged.  Res a CL =              NaN  -6.15038611E-02  -7.03721121E-02
 GVCALC: Not converged.  Res a CL =              NaN  -6.10857308E-02  -6.76118955E-02
 GVCALC: Not converged.  Res a CL =              NaN  -5.56228608E-02  -2.23097298E-02
 GVCALC: Not converged.  Res a CL =              NaN  -6.65726215E-02 -0.115882806    
    0.000   1101.    -41.672   1363.       290.8      0.3352E+05********84039.9531   0.0000   0.0000   0.00000  0.1194E-01  0.1677E-02  19.1491   0.0000  0.2189E+10   0.000       0.1485  0.1002E-01
 GVCALC: Not converged.  Res a CL =              NaN  -6.05518632E-02  -6.19097501E-02
 GVCALC: Not converged.  Res a CL =              NaN  -5.97269163E-02  -5.57064079E-02
 GVCALC: Not converged.  Res a CL =              NaN  -5.44634238E-02  -1.24048330E-02
 GVCALC: Not converged.  Res a CL =              NaN  -6.76059276E-02 -0.123261712    
 GVCALC: Not converged.  Res a CL =              NaN  -8.40258747E-02 -0.264623940    
    0.000   1101.    -42.672   1035.       267.5      0.3084E+05********77315.4141   0.0000   0.0000   0.00000  0.9072E-02  0.1543E-02  16.6893   0.0000  0.1853E+10   0.000       0.1128  0.1007E-01
