
 Motor file not found:  MotorFile                                       
 Default motor used  :  Speed-400 3321 (6V) direct drive                                                

# QPROP Version 1.22
# 
# Test-clarkysmoothAF.mat                                                         
# 
# Speed-400 3321 (6V) direct drive                                                
#   0.31000     R  (Ohm)                        
#   0.77000     Io (Amp)                        
#    2760.0     Kv (rpm/Volt)                   
# 
#   rho = 0.90456     kg/m^3
#   mu  = 0.17000E-04 kg/m-s
#   a   =  328.38     m/s   
# 
#  1         2        3          4          5         6            7         8       9        10        11        12          13        14        15      16          17           18      19
# 
#  V(m/s)    rpm      Dbeta      T(N)       Q(N-m)    Pshaft(W)    Volts     Amps    effmot   effprop   adv       CT          CP        DV(m/s)   eff     Pelec       Pprop        cl_avg  cd_avg
    0.000   1849.     48.823  0.1021E+05  0.1717E+05  0.3325E+07******************   0.0000   0.0000   0.00000  0.4104E-01  0.4697E-01  57.6543   0.0000  0.7636E+13   0.000       1.0757   1.182    
    0.000   1849.     47.823  0.1053E+05  0.1675E+05  0.3244E+07******************   0.0000   0.0000   0.00000  0.4233E-01  0.4582E-01  58.5579   0.0000  0.7268E+13   0.000       1.0990   1.144    
    0.000   1849.     46.823  0.1085E+05  0.1633E+05  0.3162E+07******************   0.0000   0.0000   0.00000  0.4361E-01  0.4468E-01  59.4383   0.0000  0.6909E+13   0.000       1.1217   1.106    
    0.000   1849.     45.823  0.1116E+05  0.1592E+05  0.3082E+07******************   0.0000   0.0000   0.00000  0.4488E-01  0.4353E-01  60.2957   0.0000  0.6560E+13   0.000       1.1440   1.068    
    0.000   1849.     44.823  0.1147E+05  0.1550E+05  0.3001E+07******************   0.0000   0.0000   0.00000  0.4613E-01  0.4239E-01  61.1307   0.0000  0.6222E+13   0.000       1.1656   1.030    
    0.000   1849.     43.823  0.1178E+05  0.1509E+05  0.2921E+07******************   0.0000   0.0000   0.00000  0.4737E-01  0.4126E-01  61.9433   0.0000  0.5894E+13   0.000       1.1868  0.9924    
    0.000   1849.     42.823  0.1208E+05  0.1467E+05  0.2841E+07******************   0.0000   0.0000   0.00000  0.4858E-01  0.4014E-01  62.7339   0.0000  0.5577E+13   0.000       1.2074  0.9547    
    0.000   1849.     41.823  0.1238E+05  0.1427E+05  0.2762E+07******************   0.0000   0.0000   0.00000  0.4978E-01  0.3902E-01  63.5027   0.0000  0.5271E+13   0.000       1.2275  0.9172    
    0.000   1849.     40.823  0.1267E+05  0.1386E+05  0.2684E+07******************   0.0000   0.0000   0.00000  0.5096E-01  0.3792E-01  64.2499   0.0000  0.4977E+13   0.000       1.2470  0.8800    
    0.000   1849.     39.823  0.1296E+05  0.1346E+05  0.2607E+07******************   0.0000   0.0000   0.00000  0.5212E-01  0.3682E-01  64.9758   0.0000  0.4694E+13   0.000       1.2660  0.8431    
    0.000   1849.     38.823  0.1325E+05  0.1307E+05  0.2530E+07******************   0.0000   0.0000   0.00000  0.5326E-01  0.3574E-01  65.6805   0.0000  0.4422E+13   0.000       1.2845  0.8066    
    0.000   1849.     37.823  0.1352E+05  0.1268E+05  0.2455E+07******************   0.0000   0.0000   0.00000  0.5437E-01  0.3468E-01  66.3641   0.0000  0.4162E+13   0.000       1.3024  0.7705    
    0.000   1849.     36.823  0.1379E+05  0.1229E+05  0.2380E+07******************   0.0000   0.0000   0.00000  0.5546E-01  0.3363E-01  67.0268   0.0000  0.3914E+13   0.000       1.3198  0.7349    
    0.000   1849.     35.823  0.1406E+05  0.1192E+05  0.2307E+07******************   0.0000   0.0000   0.00000  0.5653E-01  0.3259E-01  67.6687   0.0000  0.3677E+13   0.000       1.3367  0.6998    
    0.000   1849.     34.823  0.1432E+05  0.1155E+05  0.2235E+07******************   0.0000   0.0000   0.00000  0.5757E-01  0.3158E-01  68.2901   0.0000  0.3452E+13   0.000       1.3531  0.6653    
    0.000   1849.     33.823  0.1457E+05  0.1118E+05  0.2165E+07******************   0.0000   0.0000   0.00000  0.5859E-01  0.3058E-01  68.8909   0.0000  0.3238E+13   0.000       1.3689  0.6314    
    0.000   1849.     32.823  0.1482E+05  0.1083E+05  0.2096E+07******************   0.0000   0.0000   0.00000  0.5958E-01  0.2961E-01  69.4713   0.0000  0.3035E+13   0.000       1.3841  0.5981    
    0.000   1849.     31.823  0.1506E+05  0.1048E+05  0.2029E+07******************   0.0000   0.0000   0.00000  0.6055E-01  0.2866E-01  70.0314   0.0000  0.2843E+13   0.000       1.3989  0.5655    
    0.000   1849.     30.823  0.1529E+05  0.1014E+05  0.1963E+07******************   0.0000   0.0000   0.00000  0.6148E-01  0.2773E-01  70.5713   0.0000  0.2661E+13   0.000       1.4131  0.5337    
    0.000   1849.     29.823  0.1552E+05   9806.      0.1899E+07******************   0.0000   0.0000   0.00000  0.6239E-01  0.2682E-01  71.0910   0.0000  0.2490E+13   0.000       1.4268  0.5026    
    0.000   1849.     28.823  0.1574E+05   9484.      0.1836E+07******************   0.0000   0.0000   0.00000  0.6327E-01  0.2594E-01  71.5908   0.0000  0.2329E+13   0.000       1.4399  0.4723    
    0.000   1849.     27.823  0.1595E+05   9171.      0.1776E+07******************   0.0000   0.0000   0.00000  0.6412E-01  0.2508E-01  72.0706   0.0000  0.2178E+13   0.000       1.4525  0.4429    
    0.000   1849.     26.823  0.1615E+05   8868.      0.1717E+07******************   0.0000   0.0000   0.00000  0.6494E-01  0.2426E-01  72.5305   0.0000  0.2036E+13   0.000       1.4646  0.4143    
    0.000   1849.     25.823  0.1635E+05   8575.      0.1660E+07******************   0.0000   0.0000   0.00000  0.6573E-01  0.2345E-01  72.9707   0.0000  0.1904E+13   0.000       1.4761  0.3866    
    0.000   1849.     24.823  0.1654E+05   8292.      0.1605E+07******************   0.0000   0.0000   0.00000  0.6649E-01  0.2268E-01  73.3911   0.0000  0.1781E+13   0.000       1.4871  0.3599    
    0.000   1849.     23.823  0.1672E+05   8020.      0.1553E+07******************   0.0000   0.0000   0.00000  0.6722E-01  0.2194E-01  73.7919   0.0000  0.1666E+13   0.000       1.4976  0.3341    
    0.000   1849.     22.823  0.1689E+05   7759.      0.1502E+07******************   0.0000   0.0000   0.00000  0.6792E-01  0.2122E-01  74.1731   0.0000  0.1559E+13   0.000       1.5076  0.3093    
    0.000   1849.     21.823  0.1706E+05   7509.      0.1454E+07******************   0.0000   0.0000   0.00000  0.6858E-01  0.2054E-01  74.5349   0.0000  0.1460E+13   0.000       1.5170  0.2855    
    0.000   1849.     20.823  0.1721E+05   7270.      0.1408E+07******************   0.0000   0.0000   0.00000  0.6921E-01  0.1988E-01  74.8772   0.0000  0.1369E+13   0.000       1.5259  0.2627    
    0.000   1849.     19.823  0.1736E+05   7042.      0.1363E+07******************   0.0000   0.0000   0.00000  0.6981E-01  0.1926E-01  75.2002   0.0000  0.1284E+13   0.000       1.5342  0.2410    
    0.000   1849.     18.823  0.1750E+05   6827.      0.1322E+07******************   0.0000   0.0000   0.00000  0.7038E-01  0.1867E-01  75.5040   0.0000  0.1207E+13   0.000       1.5420  0.2204    
    0.000   1849.     17.823  0.1764E+05   6623.      0.1282E+07******************   0.0000   0.0000   0.00000  0.7091E-01  0.1811E-01  75.7885   0.0000  0.1136E+13   0.000       1.5494  0.2008    
    0.000   1849.     16.823  0.1776E+05   6431.      0.1245E+07******************   0.0000   0.0000   0.00000  0.7141E-01  0.1759E-01  76.0540   0.0000  0.1071E+13   0.000       1.5561  0.1824    
    0.000   1849.     15.823  0.1788E+05   6251.      0.1210E+07******************   0.0000   0.0000   0.00000  0.7187E-01  0.1710E-01  76.3004   0.0000  0.1012E+13   0.000       1.5624  0.1651    
    0.000   1849.     14.823  0.1798E+05   6084.      0.1178E+07******************   0.0000   0.0000   0.00000  0.7230E-01  0.1664E-01  76.5279   0.0000  0.9586E+12   0.000       1.5681  0.1490    
    0.000   1849.     13.823  0.1808E+05   5929.      0.1148E+07******************   0.0000   0.0000   0.00000  0.7269E-01  0.1622E-01  76.7366   0.0000  0.9104E+12   0.000       1.5734  0.1340    
    0.000   1849.     12.823  0.1817E+05   5787.      0.1120E+07******************   0.0000   0.0000   0.00000  0.7305E-01  0.1583E-01  76.9264   0.0000  0.8673E+12   0.000       1.5781  0.1201    
    0.000   1849.     11.823  0.1825E+05   5657.      0.1095E+07******************   0.0000   0.0000   0.00000  0.7338E-01  0.1547E-01  77.0976   0.0000  0.8288E+12   0.000       1.5823  0.1074    
    0.000   1849.     10.823  0.1832E+05   5540.      0.1073E+07******************   0.0000   0.0000   0.00000  0.7367E-01  0.1515E-01  77.2501   0.0000  0.7949E+12   0.000       1.5860  0.9596E-01
    0.000   1849.      9.823  0.1835E+05   5408.      0.1047E+07******************   0.0000   0.0000   0.00000  0.7379E-01  0.1479E-01  77.3123   0.0000  0.7575E+12   0.000       1.5858  0.8522E-01
    0.000   1849.      8.823  0.1829E+05   5240.      0.1015E+07******************   0.0000   0.0000   0.00000  0.7355E-01  0.1433E-01  77.1855   0.0000  0.7110E+12   0.000       1.5775  0.7523E-01
    0.000   1849.      7.823  0.1810E+05   5008.      0.9696E+06******************   0.0000   0.0000   0.00000  0.7277E-01  0.1370E-01  76.7765   0.0000  0.6495E+12   0.000       1.5571  0.6508E-01
    0.000   1849.      6.823  0.1757E+05   4529.      0.8768E+06******************   0.0000   0.0000   0.00000  0.7066E-01  0.1239E-01  75.6531   0.0000  0.5311E+12   0.000       1.5037  0.4392E-01
    0.000   1849.      5.823  0.1663E+05   4095.      0.7929E+06******************   0.0000   0.0000   0.00000  0.6688E-01  0.1120E-01  73.6021   0.0000  0.4344E+12   0.000       1.4162  0.3658E-01
    0.000   1849.      4.823  0.1566E+05   3682.      0.7130E+06******************   0.0000   0.0000   0.00000  0.6298E-01  0.1007E-01  71.4272   0.0000  0.3512E+12   0.000       1.3270  0.3042E-01
    0.000   1849.      3.823  0.1468E+05   3294.      0.6378E+06******************   0.0000   0.0000   0.00000  0.5902E-01  0.9010E-02  69.1441   0.0000  0.2810E+12   0.000       1.2374  0.2574E-01
    0.000   1849.      2.823  0.1369E+05   2928.      0.5669E+06******************   0.0000   0.0000   0.00000  0.5503E-01  0.8009E-02  66.7682   0.0000  0.2220E+12   0.000       1.1483  0.2176E-01
    0.000   1849.      1.823  0.1269E+05   2586.      0.5006E+06******************   0.0000   0.0000   0.00000  0.5104E-01  0.7072E-02  64.3011   0.0000  0.1731E+12   0.000       1.0599  0.1843E-01
    0.000   1849.      0.823  0.1170E+05   2268.      0.4391E+06******************   0.0000   0.0000   0.00000  0.4705E-01  0.6204E-02  61.7368   0.0000  0.1332E+12   0.000       0.9726  0.1594E-01
    0.000   1849.     -0.177  0.1072E+05   1974.      0.3822E+06******************   0.0000   0.0000   0.00000  0.4310E-01  0.5399E-02  59.0855   0.0000  0.1009E+12   0.000       0.8868  0.1356E-01
    0.000   1849.     -1.177   9742.       1705.      0.3301E+06******************   0.0000   0.0000   0.00000  0.3917E-01  0.4664E-02  56.3283   0.0000  0.7529E+11   0.000       0.8025  0.1202E-01
    0.000   1849.     -2.177   8778.       1461.      0.2830E+06******************   0.0000   0.0000   0.00000  0.3530E-01  0.3997E-02  53.4701   0.0000  0.5531E+11   0.000       0.7202  0.1088E-01
    0.000   1849.     -3.177   7832.       1243.      0.2406E+06******************   0.0000   0.0000   0.00000  0.3149E-01  0.3399E-02  50.5062   0.0000  0.4000E+11   0.000       0.6402  0.1011E-01
    0.000   1849.     -4.177   6908.       1049.      0.2030E+06******************   0.0000   0.0000   0.00000  0.2777E-01  0.2868E-02  47.4323   0.0000  0.2848E+11   0.000       0.5627  0.9631E-02
    0.000   1849.     -5.177   6011.       878.6      0.1701E+06******************   0.0000   0.0000   0.00000  0.2417E-01  0.2403E-02  44.2458   0.0000  0.1999E+11   0.000       0.4882  0.9391E-02
    0.000   1849.     -6.177   5148.       732.0      0.1417E+06******************   0.0000   0.0000   0.00000  0.2070E-01  0.2002E-02  40.9482   0.0000  0.1388E+11   0.000       0.4170  0.9329E-02
    0.000   1849.     -7.177   4329.       608.4      0.1178E+06******************   0.0000   0.0000   0.00000  0.1741E-01  0.1664E-02  37.5501   0.0000  0.9587E+10   0.000       0.3499  0.9392E-02
    0.000   1849.     -8.177   3567.       507.3      0.9821E+05******************   0.0000   0.0000   0.00000  0.1434E-01  0.1387E-02  34.0830   0.0000  0.6664E+10   0.000       0.2878  0.9537E-02
    0.000   1849.     -9.177   2881.       427.3      0.8273E+05******************   0.0000   0.0000   0.00000  0.1159E-01  0.1169E-02  30.6344   0.0000  0.4729E+10   0.000       0.2322  0.9720E-02
 GVCALC: Not converged.  Res a CL =              NaN  -5.96744940E-02  -9.32359099E-02
    0.000   1849.    -10.177   2238.       367.3      0.7112E+05******************   0.0000   0.0000   0.00000  0.8998E-02  0.1005E-02  26.9975   0.0000  0.3494E+10   0.000       0.1803  0.9954E-02
 GVCALC: Not converged.  Res a CL =              NaN  -5.31559326E-02  -2.15811562E-03
 GVCALC: Not converged.  Res a CL =              NaN  -6.19625859E-02 -0.114933237    
 GVCALC: Not converged.  Res a CL =              NaN  -6.11200482E-02 -0.113299653    
    0.000   1849.    -11.177   1640.       325.3      0.6298E+05********94018.0703   0.0000   0.0000   0.00000  0.6596E-02  0.8897E-03  23.1147   0.0000  0.2740E+10   0.000       0.1324  0.1020E-01
