
 Motor file not found:  MotorFile                                       
 Default motor used  :  Speed-400 3321 (6V) direct drive                                                

# QPROP Version 1.22
# 
# Test-clarky.mat                                                                 
# 
# Speed-400 3321 (6V) direct drive                                                
#   0.31000     R  (Ohm)                        
#   0.77000     Io (Amp)                        
#    2760.0     Kv (rpm/Volt)                   
# 
#   rho =  1.2250     kg/m^3
#   mu  = 0.17000E-04 kg/m-s
#   a   =  340.29     m/s   
# 
#  1         2        3          4          5         6            7         8       9        10        11        12          13        14        15      16          17           18      19
# 
#  V(m/s)    rpm      Dbeta      T(N)       Q(N-m)    Pshaft(W)    Volts     Amps    effmot   effprop   adv       CT          CP        DV(m/s)   eff     Pelec       Pprop        cl_avg  cd_avg
    0.000   1950.     53.841  0.1866E+05  0.2981E+05  0.6087E+07******************   0.0000   0.0000   0.00000  0.4596E-01  0.4894E-01  65.6547   0.0000  0.2301E+14   0.000       1.0807   1.060    
    0.000   1950.     52.841  0.1924E+05  0.2903E+05  0.5928E+07******************   0.0000   0.0000   0.00000  0.4738E-01  0.4766E-01  66.6669   0.0000  0.2183E+14   0.000       1.1005   1.021    
    0.000   1950.     51.841  0.1981E+05  0.2826E+05  0.5770E+07******************   0.0000   0.0000   0.00000  0.4879E-01  0.4639E-01  67.6506   0.0000  0.2068E+14   0.000       1.1198  0.9817    
    0.000   1950.     50.841  0.2038E+05  0.2749E+05  0.5613E+07******************   0.0000   0.0000   0.00000  0.5018E-01  0.4513E-01  68.6062   0.0000  0.1957E+14   0.000       1.1387  0.9429    
    0.000   1950.     49.841  0.2093E+05  0.2673E+05  0.5458E+07******************   0.0000   0.0000   0.00000  0.5155E-01  0.4388E-01  69.5340   0.0000  0.1851E+14   0.000       1.1570  0.9044    
    0.000   1950.     48.841  0.2148E+05  0.2598E+05  0.5304E+07******************   0.0000   0.0000   0.00000  0.5289E-01  0.4265E-01  70.4344   0.0000  0.1748E+14   0.000       1.1748  0.8663    
    0.000   1950.     47.841  0.2201E+05  0.2523E+05  0.5151E+07******************   0.0000   0.0000   0.00000  0.5421E-01  0.4142E-01  71.3077   0.0000  0.1649E+14   0.000       1.1921  0.8285    
    0.000   1950.     46.841  0.2254E+05  0.2449E+05  0.5001E+07******************   0.0000   0.0000   0.00000  0.5550E-01  0.4021E-01  72.1543   0.0000  0.1554E+14   0.000       1.2089  0.7911    
    0.000   1950.     45.841  0.2306E+05  0.2376E+05  0.4852E+07******************   0.0000   0.0000   0.00000  0.5677E-01  0.3901E-01  72.9744   0.0000  0.1463E+14   0.000       1.2252  0.7542    
    0.000   1950.     44.841  0.2356E+05  0.2305E+05  0.4706E+07******************   0.0000   0.0000   0.00000  0.5802E-01  0.3784E-01  73.7683   0.0000  0.1376E+14   0.000       1.2409  0.7179    
    0.000   1950.     43.841  0.2405E+05  0.2234E+05  0.4562E+07******************   0.0000   0.0000   0.00000  0.5923E-01  0.3668E-01  74.5361   0.0000  0.1293E+14   0.000       1.2562  0.6820    
    0.000   1950.     42.841  0.2453E+05  0.2165E+05  0.4420E+07******************   0.0000   0.0000   0.00000  0.6041E-01  0.3554E-01  75.2782   0.0000  0.1214E+14   0.000       1.2709  0.6468    
    0.000   1950.     41.841  0.2500E+05  0.2097E+05  0.4281E+07******************   0.0000   0.0000   0.00000  0.6157E-01  0.3442E-01  75.9946   0.0000  0.1139E+14   0.000       1.2852  0.6123    
    0.000   1950.     40.841  0.2546E+05  0.2030E+05  0.4145E+07******************   0.0000   0.0000   0.00000  0.6270E-01  0.3333E-01  76.6857   0.0000  0.1067E+14   0.000       1.2989  0.5784    
    0.000   1950.     39.841  0.2590E+05  0.1965E+05  0.4012E+07******************   0.0000   0.0000   0.00000  0.6379E-01  0.3226E-01  77.3515   0.0000  0.9998E+13   0.000       1.3121  0.5453    
    0.000   1950.     38.841  0.2634E+05  0.1901E+05  0.3882E+07******************   0.0000   0.0000   0.00000  0.6485E-01  0.3121E-01  77.9922   0.0000  0.9360E+13   0.000       1.3248  0.5130    
    0.000   1950.     37.841  0.2675E+05  0.1839E+05  0.3755E+07******************   0.0000   0.0000   0.00000  0.6588E-01  0.3019E-01  78.6080   0.0000  0.8759E+13   0.000       1.3370  0.4814    
    0.000   1950.     36.841  0.2716E+05  0.1779E+05  0.3632E+07******************   0.0000   0.0000   0.00000  0.6687E-01  0.2920E-01  79.1990   0.0000  0.8192E+13   0.000       1.3487  0.4507    
    0.000   1950.     35.841  0.2755E+05  0.1720E+05  0.3512E+07******************   0.0000   0.0000   0.00000  0.6783E-01  0.2823E-01  79.7655   0.0000  0.7660E+13   0.000       1.3599  0.4209    
    0.000   1950.     34.841  0.2792E+05  0.1663E+05  0.3395E+07******************   0.0000   0.0000   0.00000  0.6876E-01  0.2730E-01  80.3074   0.0000  0.7161E+13   0.000       1.3706  0.3920    
    0.000   1950.     33.841  0.2828E+05  0.1608E+05  0.3283E+07******************   0.0000   0.0000   0.00000  0.6965E-01  0.2639E-01  80.8250   0.0000  0.6693E+13   0.000       1.3808  0.3640    
    0.000   1950.     32.841  0.2863E+05  0.1554E+05  0.3174E+07******************   0.0000   0.0000   0.00000  0.7050E-01  0.2552E-01  81.3184   0.0000  0.6257E+13   0.000       1.3905  0.3370    
    0.000   1950.     31.841  0.2896E+05  0.1503E+05  0.3069E+07******************   0.0000   0.0000   0.00000  0.7132E-01  0.2467E-01  81.7876   0.0000  0.5850E+13   0.000       1.3996  0.3110    
    0.000   1950.     30.841  0.2928E+05  0.1454E+05  0.2968E+07******************   0.0000   0.0000   0.00000  0.7209E-01  0.2386E-01  82.2330   0.0000  0.5472E+13   0.000       1.4083  0.2861    
    0.000   1950.     29.841  0.2958E+05  0.1406E+05  0.2871E+07******************   0.0000   0.0000   0.00000  0.7283E-01  0.2308E-01  82.6545   0.0000  0.5120E+13   0.000       1.4165  0.2621    
    0.000   1950.     28.841  0.2986E+05  0.1361E+05  0.2778E+07******************   0.0000   0.0000   0.00000  0.7354E-01  0.2234E-01  83.0523   0.0000  0.4795E+13   0.000       1.4242  0.2392    
    0.000   1950.     27.841  0.3013E+05  0.1317E+05  0.2690E+07******************   0.0000   0.0000   0.00000  0.7420E-01  0.2163E-01  83.4265   0.0000  0.4495E+13   0.000       1.4314  0.2175    
    0.000   1950.     26.841  0.3039E+05  0.1276E+05  0.2606E+07******************   0.0000   0.0000   0.00000  0.7483E-01  0.2095E-01  83.7772   0.0000  0.4218E+13   0.000       1.4381  0.1968    
    0.000   1950.     25.841  0.3063E+05  0.1237E+05  0.2526E+07******************   0.0000   0.0000   0.00000  0.7541E-01  0.2031E-01  84.1046   0.0000  0.3964E+13   0.000       1.4443  0.1772    
    0.000   1950.     24.841  0.3085E+05  0.1200E+05  0.2451E+07******************   0.0000   0.0000   0.00000  0.7596E-01  0.1971E-01  84.4088   0.0000  0.3731E+13   0.000       1.4500  0.1588    
    0.000   1950.     23.841  0.3105E+05  0.1166E+05  0.2380E+07******************   0.0000   0.0000   0.00000  0.7647E-01  0.1914E-01  84.6899   0.0000  0.3519E+13   0.000       1.4553  0.1415    
    0.000   1950.     22.841  0.3124E+05  0.1133E+05  0.2314E+07******************   0.0000   0.0000   0.00000  0.7693E-01  0.1860E-01  84.9480   0.0000  0.3325E+13   0.000       1.4600  0.1254    
    0.000   1950.     21.841  0.3142E+05  0.1103E+05  0.2252E+07******************   0.0000   0.0000   0.00000  0.7737E-01  0.1810E-01  85.1883   0.0000  0.3150E+13   0.000       1.4643  0.1103    
    0.000   1950.     20.841  0.3158E+05  0.1074E+05  0.2193E+07******************   0.0000   0.0000   0.00000  0.7777E-01  0.1763E-01  85.4087   0.0000  0.2988E+13   0.000       1.4674  0.9579E-01
    0.000   1950.     19.841  0.3172E+05  0.1047E+05  0.2137E+07******************   0.0000   0.0000   0.00000  0.7810E-01  0.1718E-01  85.5911   0.0000  0.2837E+13   0.000       1.4688  0.8218E-01
    0.000   1950.     18.841  0.3181E+05  0.1020E+05  0.2082E+07******************   0.0000   0.0000   0.00000  0.7832E-01  0.1674E-01  85.7115   0.0000  0.2692E+13   0.000       1.4676  0.6955E-01
    0.000   1950.     17.841  0.3183E+05   9922.      0.2026E+07******************   0.0000   0.0000   0.00000  0.7837E-01  0.1629E-01  85.7364   0.0000  0.2549E+13   0.000       1.4626  0.5807E-01
    0.000   1950.     16.841  0.3174E+05   9635.      0.1967E+07******************   0.0000   0.0000   0.00000  0.7817E-01  0.1582E-01  85.6282   0.0000  0.2404E+13   0.000       1.4526  0.4788E-01
    0.000   1950.     15.841  0.3154E+05   9328.      0.1904E+07******************   0.0000   0.0000   0.00000  0.7766E-01  0.1531E-01  85.3502   0.0000  0.2253E+13   0.000       1.4365  0.3908E-01
    0.000   1950.     14.841  0.3118E+05   8992.      0.1836E+07******************   0.0000   0.0000   0.00000  0.7678E-01  0.1476E-01  84.8635   0.0000  0.2094E+13   0.000       1.4133  0.3175E-01
    0.000   1950.     13.841  0.3064E+05   8619.      0.1760E+07******************   0.0000   0.0000   0.00000  0.7545E-01  0.1415E-01  84.1233   0.0000  0.1924E+13   0.000       1.3816  0.2590E-01
    0.000   1950.     12.841  0.2988E+05   8178.      0.1670E+07******************   0.0000   0.0000   0.00000  0.7357E-01  0.1343E-01  83.0728   0.0000  0.1732E+13   0.000       1.3400  0.2094E-01
    0.000   1950.     11.841  0.2886E+05   7688.      0.1570E+07******************   0.0000   0.0000   0.00000  0.7107E-01  0.1262E-01  81.6481   0.0000  0.1531E+13   0.000       1.2871  0.1792E-01
    0.000   1950.     10.841  0.2761E+05   7124.      0.1454E+07******************   0.0000   0.0000   0.00000  0.6799E-01  0.1169E-01  79.8574   0.0000  0.1314E+13   0.000       1.2240  0.1565E-01
    0.000   1950.      9.841  0.2623E+05   6523.      0.1332E+07******************   0.0000   0.0000   0.00000  0.6458E-01  0.1071E-01  77.8297   0.0000  0.1102E+13   0.000       1.1556  0.1370E-01
    0.000   1950.      8.841  0.2481E+05   5939.      0.1213E+07******************   0.0000   0.0000   0.00000  0.6110E-01  0.9749E-02  75.7054   0.0000  0.9133E+12   0.000       1.0868  0.1201E-01
    0.000   1950.      7.841  0.2340E+05   5382.      0.1099E+07******************   0.0000   0.0000   0.00000  0.5761E-01  0.8835E-02  73.5114   0.0000  0.7501E+12   0.000       1.0188  0.1061E-01
    0.000   1950.      6.841  0.2198E+05   4854.      0.9912E+06******************   0.0000   0.0000   0.00000  0.5411E-01  0.7969E-02  71.2443   0.0000  0.6103E+12   0.000       0.9515  0.9496E-02
    0.000   1950.      5.841  0.2055E+05   4356.      0.8895E+06******************   0.0000   0.0000   0.00000  0.5061E-01  0.7152E-02  68.9002   0.0000  0.4915E+12   0.000       0.8850  0.8658E-02
    0.000   1950.      4.841  0.1913E+05   3889.      0.7940E+06******************   0.0000   0.0000   0.00000  0.4711E-01  0.6384E-02  66.4750   0.0000  0.3916E+12   0.000       0.8195  0.8086E-02
    0.000   1950.      3.841  0.1771E+05   3452.      0.7048E+06******************   0.0000   0.0000   0.00000  0.4362E-01  0.5667E-02  63.9640   0.0000  0.3086E+12   0.000       0.7548  0.7769E-02
    0.000   1950.      2.841  0.1630E+05   3046.      0.6220E+06******************   0.0000   0.0000   0.00000  0.4014E-01  0.5001E-02  61.3622   0.0000  0.2403E+12   0.000       0.6913  0.7686E-02
    0.000   1950.      1.841  0.1490E+05   2671.      0.5454E+06******************   0.0000   0.0000   0.00000  0.3669E-01  0.4385E-02  58.6640   0.0000  0.1848E+12   0.000       0.6288  0.7759E-02
    0.000   1950.      0.841  0.1351E+05   2324.      0.4745E+06******************   0.0000   0.0000   0.00000  0.3327E-01  0.3815E-02  55.8635   0.0000  0.1399E+12   0.000       0.5677  0.7890E-02
    0.000   1950.     -0.159  0.1214E+05   2005.      0.4093E+06******************   0.0000   0.0000   0.00000  0.2989E-01  0.3291E-02  52.9534   0.0000  0.1041E+12   0.000       0.5078  0.8048E-02
    0.000   1950.     -1.159  0.1079E+05   1714.      0.3500E+06******************   0.0000   0.0000   0.00000  0.2657E-01  0.2814E-02  49.9253   0.0000  0.7608E+11   0.000       0.4496  0.8229E-02
    0.000   1950.     -2.159   9470.       1452.      0.2965E+06******************   0.0000   0.0000   0.00000  0.2332E-01  0.2384E-02  46.7697   0.0000  0.5462E+11   0.000       0.3930  0.8430E-02
    0.000   1950.     -3.159   8184.       1220.      0.2492E+06******************   0.0000   0.0000   0.00000  0.2015E-01  0.2003E-02  43.4768   0.0000  0.3856E+11   0.000       0.3384  0.8646E-02
    0.000   1950.     -4.159   6940.       1018.      0.2079E+06******************   0.0000   0.0000   0.00000  0.1709E-01  0.1672E-02  40.0363   0.0000  0.2685E+11   0.000       0.2860  0.8874E-02
    0.000   1950.     -5.159   5749.       846.4      0.1728E+06******************   0.0000   0.0000   0.00000  0.1416E-01  0.1389E-02  36.4402   0.0000  0.1855E+11   0.000       0.2363  0.9107E-02
    0.000   1950.     -6.159   4626.       704.7      0.1439E+06******************   0.0000   0.0000   0.00000  0.1139E-01  0.1157E-02  32.6877   0.0000  0.1286E+11   0.000       0.1897  0.9338E-02
