
 Motor file not found:  MotorFile                                       
 Default motor used  :  Speed-400 3321 (6V) direct drive                                                

# QPROP Version 1.22
# 
# Test-clarky.mat                                                                 
# 
# Speed-400 3321 (6V) direct drive                                                
#   0.31000     R  (Ohm)                        
#   0.77000     Io (Amp)                        
#    2760.0     Kv (rpm/Volt)                   
# 
#   rho =  1.2250     kg/m^3
#   mu  = 0.17000E-04 kg/m-s
#   a   =  340.29     m/s   
# 
#  1         2        3          4          5         6            7         8       9        10        11        12          13        14        15      16          17           18      19
# 
#  V(m/s)    rpm      Dbeta      T(N)       Q(N-m)    Pshaft(W)    Volts     Amps    effmot   effprop   adv       CT          CP        DV(m/s)   eff     Pelec       Pprop        cl_avg  cd_avg
    0.000   5363.     23.968   2554.       1502.      0.8435E+06******************   0.0000   0.0000   0.00000  0.5755E-01  0.6509E-01  70.0579   0.0000  0.5842E+11   0.000       1.0713   1.057    
    0.000   5363.     22.968   2636.       1463.      0.8216E+06******************   0.0000   0.0000   0.00000  0.5940E-01  0.6340E-01  71.1743   0.0000  0.5543E+11   0.000       1.0918   1.018    
    0.000   5363.     21.968   2717.       1424.      0.8000E+06******************   0.0000   0.0000   0.00000  0.6122E-01  0.6173E-01  72.2601   0.0000  0.5254E+11   0.000       1.1117  0.9795    
    0.000   5363.     20.968   2797.       1386.      0.7785E+06******************   0.0000   0.0000   0.00000  0.6302E-01  0.6007E-01  73.3153   0.0000  0.4976E+11   0.000       1.1310  0.9412    
    0.000   5363.     19.968   2875.       1349.      0.7573E+06******************   0.0000   0.0000   0.00000  0.6480E-01  0.5844E-01  74.3404   0.0000  0.4709E+11   0.000       1.1498  0.9031    
    0.000   5363.     18.968   2953.       1311.      0.7365E+06******************   0.0000   0.0000   0.00000  0.6654E-01  0.5683E-01  75.3355   0.0000  0.4453E+11   0.000       1.1680  0.8654    
    0.000   5363.     17.968   3029.       1275.      0.7159E+06******************   0.0000   0.0000   0.00000  0.6826E-01  0.5524E-01  76.3010   0.0000  0.4208E+11   0.000       1.1857  0.8281    
    0.000   5363.     16.968   3104.       1239.      0.6956E+06******************   0.0000   0.0000   0.00000  0.6995E-01  0.5368E-01  77.2371   0.0000  0.3973E+11   0.000       1.2028  0.7913    
    0.000   5363.     15.968   3177.       1203.      0.6758E+06******************   0.0000   0.0000   0.00000  0.7160E-01  0.5214E-01  78.1440   0.0000  0.3749E+11   0.000       1.2194  0.7549    
    0.000   5363.     14.968   3249.       1169.      0.6563E+06******************   0.0000   0.0000   0.00000  0.7322E-01  0.5064E-01  79.0220   0.0000  0.3536E+11   0.000       1.2354  0.7191    
    0.000   5363.     13.968   3319.       1135.      0.6372E+06******************   0.0000   0.0000   0.00000  0.7480E-01  0.4917E-01  79.8711   0.0000  0.3333E+11   0.000       1.2509  0.6838    
    0.000   5363.     12.968   3388.       1101.      0.6185E+06******************   0.0000   0.0000   0.00000  0.7634E-01  0.4773E-01  80.6917   0.0000  0.3141E+11   0.000       1.2658  0.6492    
    0.000   5363.     11.968   3455.       1069.      0.6003E+06******************   0.0000   0.0000   0.00000  0.7785E-01  0.4632E-01  81.4839   0.0000  0.2958E+11   0.000       1.2802  0.6152    
    0.000   5363.     10.968   3520.       1037.      0.5825E+06******************   0.0000   0.0000   0.00000  0.7932E-01  0.4495E-01  82.2479   0.0000  0.2786E+11   0.000       1.2941  0.5820    
    0.000   5363.      9.968   3583.       1006.      0.5652E+06******************   0.0000   0.0000   0.00000  0.8074E-01  0.4361E-01  82.9838   0.0000  0.2623E+11   0.000       1.3074  0.5496    
    0.000   5363.      8.968   3644.       976.5      0.5484E+06******************   0.0000   0.0000   0.00000  0.8213E-01  0.4232E-01  83.6919   0.0000  0.2469E+11   0.000       1.3202  0.5179    
    0.000   5363.      7.968   3704.       947.4      0.5321E+06******************   0.0000   0.0000   0.00000  0.8347E-01  0.4106E-01  84.3722   0.0000  0.2325E+11   0.000       1.3325  0.4871    
    0.000   5363.      6.968   3761.       919.3      0.5163E+06******************   0.0000   0.0000   0.00000  0.8476E-01  0.3984E-01  85.0249   0.0000  0.2189E+11   0.000       1.3442  0.4571    
    0.000   5363.      5.968   3817.       892.2      0.5011E+06******************   0.0000   0.0000   0.00000  0.8601E-01  0.3866E-01  85.6501   0.0000  0.2061E+11   0.000       1.3554  0.4280    
    0.000   5363.      4.968   3870.       866.0      0.4864E+06******************   0.0000   0.0000   0.00000  0.8722E-01  0.3753E-01  86.2481   0.0000  0.1942E+11   0.000       1.3661  0.3999    
    0.000   5363.      3.968   3922.       840.8      0.4722E+06******************   0.0000   0.0000   0.00000  0.8838E-01  0.3644E-01  86.8190   0.0000  0.1831E+11   0.000       1.3762  0.3727    
    0.000   5363.      2.968   3971.       816.7      0.4587E+06******************   0.0000   0.0000   0.00000  0.8949E-01  0.3539E-01  87.3629   0.0000  0.1727E+11   0.000       1.3859  0.3465    
    0.000   5363.      1.968   4018.       793.5      0.4457E+06******************   0.0000   0.0000   0.00000  0.9055E-01  0.3439E-01  87.8799   0.0000  0.1631E+11   0.000       1.3950  0.3213    
    0.000   5363.      0.968   4063.       771.4      0.4333E+06******************   0.0000   0.0000   0.00000  0.9156E-01  0.3343E-01  88.3702   0.0000  0.1541E+11   0.000       1.4036  0.2971    
    0.000   5363.     -0.032   4106.       750.4      0.4214E+06******************   0.0000   0.0000   0.00000  0.9253E-01  0.3252E-01  88.8340   0.0000  0.1458E+11   0.000       1.4117  0.2740    
    0.000   5363.     -1.032   4147.       730.4      0.4102E+06******************   0.0000   0.0000   0.00000  0.9344E-01  0.3165E-01  89.2713   0.0000  0.1382E+11   0.000       1.4193  0.2520    
    0.000   5363.     -2.032   4185.       711.5      0.3996E+06******************   0.0000   0.0000   0.00000  0.9430E-01  0.3084E-01  89.6824   0.0000  0.1311E+11   0.000       1.4263  0.2311    
    0.000   5363.     -3.032   4221.       693.7      0.3896E+06******************   0.0000   0.0000   0.00000  0.9512E-01  0.3006E-01  90.0674   0.0000  0.1246E+11   0.000       1.4329  0.2113    
    0.000   5363.     -4.032   4255.       677.1      0.3802E+06******************   0.0000   0.0000   0.00000  0.9588E-01  0.2934E-01  90.4264   0.0000  0.1187E+11   0.000       1.4390  0.1926    
    0.000   5363.     -5.032   4286.       661.5      0.3715E+06******************   0.0000   0.0000   0.00000  0.9658E-01  0.2867E-01  90.7596   0.0000  0.1133E+11   0.000       1.4445  0.1750    
    0.000   5363.     -6.032   4315.       647.0      0.3634E+06******************   0.0000   0.0000   0.00000  0.9724E-01  0.2804E-01  91.0672   0.0000  0.1084E+11   0.000       1.4496  0.1586    
    0.000   5363.     -7.032   4342.       633.6      0.3559E+06******************   0.0000   0.0000   0.00000  0.9784E-01  0.2746E-01  91.3493   0.0000  0.1040E+11   0.000       1.4542  0.1434    
    0.000   5363.     -8.032   4366.       621.4      0.3490E+06******************   0.0000   0.0000   0.00000  0.9839E-01  0.2693E-01  91.6060   0.0000  0.1000E+11   0.000       1.4583  0.1293    
    0.000   5363.     -9.032   4388.       610.3      0.3428E+06******************   0.0000   0.0000   0.00000  0.9889E-01  0.2645E-01  91.8376   0.0000  0.9646E+10   0.000       1.4619  0.1164    
    0.000   5363.    -10.032   4408.       600.3      0.3372E+06******************   0.0000   0.0000   0.00000  0.9934E-01  0.2602E-01  92.0441   0.0000  0.9333E+10   0.000       1.4650  0.1047    
    0.000   5363.    -11.032   4416.       586.5      0.3294E+06******************   0.0000   0.0000   0.00000  0.9952E-01  0.2542E-01  92.1280   0.0000  0.8907E+10   0.000       1.4637  0.9234E-01
    0.000   5363.    -12.032   4361.       560.5      0.3148E+06******************   0.0000   0.0000   0.00000  0.9828E-01  0.2429E-01  91.5548   0.0000  0.8136E+10   0.000       1.4394  0.8068E-01
    0.000   5363.    -13.032   4278.       530.3      0.2978E+06******************   0.0000   0.0000   0.00000  0.9639E-01  0.2298E-01  90.6707   0.0000  0.7283E+10   0.000       1.4046  0.6970E-01
    0.000   5363.    -14.032   4176.       498.6      0.2800E+06******************   0.0000   0.0000   0.00000  0.9410E-01  0.2161E-01  89.5840   0.0000  0.6438E+10   0.000       1.3636  0.5953E-01
    0.000   5363.    -15.032   4057.       467.5      0.2626E+06******************   0.0000   0.0000   0.00000  0.9143E-01  0.2026E-01  88.3053   0.0000  0.5660E+10   0.000       1.3177  0.5159E-01
    0.000   5363.    -16.032   3928.       436.5      0.2451E+06******************   0.0000   0.0000   0.00000  0.8852E-01  0.1892E-01  86.8882   0.0000  0.4934E+10   0.000       1.2684  0.4454E-01
    0.000   5363.    -17.032   3790.       405.9      0.2280E+06******************   0.0001   0.0000   0.00000  0.8541E-01  0.1759E-01  85.3478   0.0000  0.4267E+10   0.000       1.2167  0.3832E-01
    0.000   5363.    -18.032   3645.       376.1      0.2112E+06******************   0.0001   0.0000   0.00000  0.8214E-01  0.1630E-01  83.6969   0.0000  0.3663E+10   0.000       1.1633  0.3288E-01
    0.000   5363.    -19.032   3492.       347.9      0.1954E+06******************   0.0001   0.0000   0.00000  0.7869E-01  0.1508E-01  81.9247   0.0000  0.3135E+10   0.000       1.1084  0.2916E-01
    0.000   5363.    -20.032   3335.       319.9      0.1796E+06********92452.9375   0.0001   0.0000   0.00000  0.7516E-01  0.1386E-01  80.0622   0.0000  0.2650E+10   0.000       1.0523  0.2506E-01
    0.000   5363.    -21.032   3175.       293.1      0.1646E+06********84727.5312   0.0001   0.0000   0.00000  0.7154E-01  0.1270E-01  78.1113   0.0000  0.2226E+10   0.000       0.9959  0.2161E-01
    0.000   5363.    -22.032   3010.       268.2      0.1506E+06********77527.0859   0.0001   0.0000   0.00000  0.6783E-01  0.1162E-01  76.0613   0.0000  0.1863E+10   0.000       0.9393  0.1946E-01
    0.000   5363.    -23.032   2843.       244.0      0.1370E+06********70509.2031   0.0001   0.0000   0.00000  0.6407E-01  0.1057E-01  73.9224   0.0000  0.1541E+10   0.000       0.8823  0.1703E-01
    0.000   5363.    -24.032   2675.       221.1      0.1242E+06********63901.8906   0.0001   0.0000   0.00000  0.6029E-01  0.9581E-02  71.7050   0.0000  0.1266E+10   0.000       0.8257  0.1503E-01
    0.000   5363.    -25.032   2505.       199.8      0.1122E+06********57738.5000   0.0001   0.0000   0.00000  0.5645E-01  0.8657E-02  69.3834   0.0000  0.1034E+10   0.000       0.7692  0.1391E-01
    0.000   5363.    -26.032   2335.       179.5      0.1008E+06********51879.0469   0.0001   0.0000   0.00000  0.5262E-01  0.7779E-02  66.9885   0.0000  0.8344E+09   0.000       0.7134  0.1254E-01
    0.000   5363.    -27.032   2164.       160.8      0.9028E+05********46463.0156   0.0001   0.0000   0.00000  0.4877E-01  0.6966E-02  64.4951   0.0000  0.6693E+09   0.000       0.6582  0.1184E-01
    0.000   5363.    -28.032   1995.       143.2      0.8041E+05********41384.5781   0.0002   0.0000   0.00000  0.4496E-01  0.6205E-02  61.9247   0.0000  0.5310E+09   0.000       0.6040  0.1094E-01
    0.000   5363.    -29.032   1827.       127.1      0.7139E+05********36742.6250   0.0002   0.0000   0.00000  0.4117E-01  0.5509E-02  59.2580   0.0000  0.4186E+09   0.000       0.5508  0.1054E-01
    0.000   5363.    -30.032   1662.       112.3      0.6309E+05********32470.0234   0.0002   0.0000   0.00000  0.3745E-01  0.4868E-02  56.5170   0.0000  0.3269E+09   0.000       0.4989  0.9983E-02
    0.000   5363.    -31.032   1500.       99.03      0.5562E+058875.21728623.4609   0.0002   0.0000   0.00000  0.3379E-01  0.4292E-02  53.6859   0.0000  0.2540E+09   0.000       0.4485  0.9793E-02
    0.000   5363.    -32.032   1343.       87.07      0.4890E+057803.51725166.3652   0.0002   0.0000   0.00000  0.3026E-01  0.3773E-02  50.7974   0.0000  0.1964E+09   0.000       0.4002  0.9486E-02
    0.000   5363.    -33.032   1191.       76.53      0.4298E+056858.72222118.6406   0.0003   0.0000   0.00000  0.2685E-01  0.3316E-02  47.8536   0.0000  0.1517E+09   0.000       0.3540  0.9428E-02
 GVCALC: Not converged.  Res a CL =   1.71559286     -0.144915387      -6.57229349E-02
    0.000   5363.    -34.032   1043.       70.75      0.3974E+056341.48920450.1484   0.0003   0.0000   0.00000  0.2351E-01  0.3066E-02  44.7742   0.0000  0.1297E+09   0.000       0.3093  0.1143E-01
 GVCALC: Not converged.  Res a CL =  0.999596179      -9.86433402E-02  -6.63843229E-02
 GVCALC: Not converged.  Res a CL =              NaN  -6.44457489E-02  0.270733505    
    0.000   5363.    -35.032   941.9       61.60      0.3460E+055521.42717804.7852   0.0004   0.0000   0.00000  0.2123E-01  0.2669E-02  42.5470   0.0000  0.9831E+08   0.000       0.2781  0.1104E-01
 GVCALC: Not converged.  Res a CL =              NaN  -4.90675308E-02  0.369464755    
 GVCALC: Not converged.  Res a CL =              NaN  -6.63645864E-02  0.232698426    
 GVCALC: Not converged.  Res a CL =              NaN  -8.19611251E-02   9.40899923E-02
    0.000   5363.    -36.032   943.3       48.78      0.2740E+054372.74914099.3711   0.0004   0.0000   0.00000  0.2126E-01  0.2114E-02  42.5781   0.0000  0.6165E+08   0.000       0.2768  0.8922E-02
