
 Motor file not found:  MotorFile                                       
 Default motor used  :  Speed-400 3321 (6V) direct drive                                                

# QPROP Version 1.22
# 
# Test-clarkysmoothAF.mat                                                         
# 
# Speed-400 3321 (6V) direct drive                                                
#   0.31000     R  (Ohm)                        
#   0.77000     Io (Amp)                        
#    2760.0     Kv (rpm/Volt)                   
# 
#   rho =  1.0239     kg/m^3
#   mu  = 0.17000E-04 kg/m-s
#   a   =  333.20     m/s   
# 
#  1         2        3          4          5         6            7         8       9        10        11        12          13        14        15      16          17           18      19
# 
#  V(m/s)    rpm      Dbeta      T(N)       Q(N-m)    Pshaft(W)    Volts     Amps    effmot   effprop   adv       CT          CP        DV(m/s)   eff     Pelec       Pprop        cl_avg  cd_avg
    0.000   1876.     50.307   9764.      0.1739E+05  0.3417E+07******************   0.0000   0.0000   0.00000  0.2947E-01  0.3454E-01  51.2611   0.0000  0.7835E+13   0.000       1.0392   1.246    
    0.000   1876.     49.307  0.1007E+05  0.1698E+05  0.3336E+07******************   0.0000   0.0000   0.00000  0.3038E-01  0.3372E-01  52.0486   0.0000  0.7466E+13   0.000       1.0627   1.209    
    0.000   1876.     48.307  0.1037E+05  0.1656E+05  0.3254E+07******************   0.0000   0.0000   0.00000  0.3129E-01  0.3289E-01  52.8167   0.0000  0.7106E+13   0.000       1.0856   1.172    
    0.000   1876.     47.307  0.1066E+05  0.1615E+05  0.3173E+07******************   0.0000   0.0000   0.00000  0.3218E-01  0.3207E-01  53.5658   0.0000  0.6754E+13   0.000       1.1082   1.135    
    0.000   1876.     46.307  0.1095E+05  0.1573E+05  0.3091E+07******************   0.0000   0.0000   0.00000  0.3306E-01  0.3124E-01  54.2961   0.0000  0.6410E+13   0.000       1.1302   1.098    
    0.000   1876.     45.307  0.1124E+05  0.1532E+05  0.3009E+07******************   0.0000   0.0000   0.00000  0.3393E-01  0.3042E-01  55.0078   0.0000  0.6077E+13   0.000       1.1517   1.061    
    0.000   1876.     44.307  0.1153E+05  0.1491E+05  0.2928E+07******************   0.0000   0.0000   0.00000  0.3480E-01  0.2960E-01  55.7013   0.0000  0.5753E+13   0.000       1.1727   1.023    
    0.000   1876.     43.307  0.1181E+05  0.1449E+05  0.2847E+07******************   0.0000   0.0000   0.00000  0.3564E-01  0.2878E-01  56.3767   0.0000  0.5440E+13   0.000       1.1933  0.9863    
    0.000   1876.     42.307  0.1209E+05  0.1408E+05  0.2767E+07******************   0.0000   0.0000   0.00000  0.3648E-01  0.2796E-01  57.0342   0.0000  0.5137E+13   0.000       1.2133  0.9494    
    0.000   1876.     41.307  0.1236E+05  0.1368E+05  0.2687E+07******************   0.0000   0.0000   0.00000  0.3730E-01  0.2716E-01  57.6740   0.0000  0.4844E+13   0.000       1.2329  0.9127    
    0.000   1876.     40.307  0.1263E+05  0.1327E+05  0.2608E+07******************   0.0000   0.0000   0.00000  0.3811E-01  0.2636E-01  58.2962   0.0000  0.4563E+13   0.000       1.2519  0.8762    
    0.000   1876.     39.307  0.1289E+05  0.1287E+05  0.2529E+07******************   0.0000   0.0000   0.00000  0.3891E-01  0.2556E-01  58.9009   0.0000  0.4293E+13   0.000       1.2705  0.8401    
    0.000   1876.     38.307  0.1315E+05  0.1248E+05  0.2452E+07******************   0.0000   0.0000   0.00000  0.3969E-01  0.2478E-01  59.4883   0.0000  0.4033E+13   0.000       1.2885  0.8043    
    0.000   1876.     37.307  0.1340E+05  0.1209E+05  0.2375E+07******************   0.0000   0.0000   0.00000  0.4045E-01  0.2401E-01  60.0585   0.0000  0.3785E+13   0.000       1.3061  0.7689    
    0.000   1876.     36.307  0.1365E+05  0.1171E+05  0.2300E+07******************   0.0000   0.0000   0.00000  0.4120E-01  0.2324E-01  60.6116   0.0000  0.3548E+13   0.000       1.3231  0.7339    
    0.000   1876.     35.307  0.1389E+05  0.1133E+05  0.2225E+07******************   0.0000   0.0000   0.00000  0.4193E-01  0.2249E-01  61.1477   0.0000  0.3323E+13   0.000       1.3396  0.6995    
    0.000   1876.     34.307  0.1413E+05  0.1096E+05  0.2152E+07******************   0.0000   0.0000   0.00000  0.4265E-01  0.2175E-01  61.6668   0.0000  0.3108E+13   0.000       1.3557  0.6656    
    0.000   1876.     33.307  0.1436E+05  0.1059E+05  0.2080E+07******************   0.0000   0.0000   0.00000  0.4335E-01  0.2103E-01  62.1690   0.0000  0.2904E+13   0.000       1.3712  0.6322    
    0.000   1876.     32.307  0.1459E+05  0.1023E+05  0.2010E+07******************   0.0000   0.0000   0.00000  0.4403E-01  0.2032E-01  62.6544   0.0000  0.2711E+13   0.000       1.3862  0.5995    
    0.000   1876.     31.307  0.1481E+05   9881.      0.1941E+07******************   0.0000   0.0000   0.00000  0.4469E-01  0.1962E-01  63.1231   0.0000  0.2529E+13   0.000       1.4007  0.5675    
    0.000   1876.     30.307  0.1502E+05   9539.      0.1874E+07******************   0.0000   0.0000   0.00000  0.4533E-01  0.1894E-01  63.5751   0.0000  0.2356E+13   0.000       1.4147  0.5361    
    0.000   1876.     29.307  0.1523E+05   9205.      0.1808E+07******************   0.0000   0.0000   0.00000  0.4595E-01  0.1828E-01  64.0105   0.0000  0.2194E+13   0.000       1.4281  0.5055    
    0.000   1876.     28.307  0.1542E+05   8880.      0.1745E+07******************   0.0000   0.0000   0.00000  0.4655E-01  0.1763E-01  64.4293   0.0000  0.2042E+13   0.000       1.4411  0.4756    
    0.000   1876.     27.307  0.1562E+05   8564.      0.1682E+07******************   0.0000   0.0000   0.00000  0.4714E-01  0.1701E-01  64.8316   0.0000  0.1899E+13   0.000       1.4535  0.4466    
    0.000   1876.     26.307  0.1580E+05   8258.      0.1622E+07******************   0.0000   0.0000   0.00000  0.4770E-01  0.1640E-01  65.2174   0.0000  0.1766E+13   0.000       1.4654  0.4184    
    0.000   1876.     25.307  0.1598E+05   7962.      0.1564E+07******************   0.0000   0.0000   0.00000  0.4824E-01  0.1581E-01  65.5868   0.0000  0.1641E+13   0.000       1.4768  0.3910    
    0.000   1876.     24.307  0.1616E+05   7675.      0.1508E+07******************   0.0000   0.0000   0.00000  0.4876E-01  0.1524E-01  65.9399   0.0000  0.1526E+13   0.000       1.4877  0.3646    
    0.000   1876.     23.307  0.1632E+05   7399.      0.1454E+07******************   0.0000   0.0000   0.00000  0.4926E-01  0.1469E-01  66.2766   0.0000  0.1418E+13   0.000       1.4981  0.3391    
    0.000   1876.     22.307  0.1648E+05   7134.      0.1402E+07******************   0.0000   0.0000   0.00000  0.4974E-01  0.1417E-01  66.5970   0.0000  0.1318E+13   0.000       1.5079  0.3145    
    0.000   1876.     21.307  0.1663E+05   6880.      0.1352E+07******************   0.0000   0.0000   0.00000  0.5020E-01  0.1366E-01  66.9011   0.0000  0.1226E+13   0.000       1.5173  0.2910    
    0.000   1876.     20.307  0.1677E+05   6638.      0.1304E+07******************   0.0000   0.0000   0.00000  0.5063E-01  0.1318E-01  67.1891   0.0000  0.1141E+13   0.000       1.5261  0.2684    
    0.000   1876.     19.307  0.1691E+05   6406.      0.1259E+07******************   0.0000   0.0000   0.00000  0.5104E-01  0.1272E-01  67.4609   0.0000  0.1063E+13   0.000       1.5344  0.2468    
    0.000   1876.     18.307  0.1704E+05   6187.      0.1215E+07******************   0.0000   0.0000   0.00000  0.5143E-01  0.1228E-01  67.7166   0.0000  0.9912E+12   0.000       1.5422  0.2264    
    0.000   1876.     17.307  0.1716E+05   5979.      0.1175E+07******************   0.0000   0.0000   0.00000  0.5179E-01  0.1187E-01  67.9562   0.0000  0.9257E+12   0.000       1.5494  0.2069    
    0.000   1876.     16.307  0.1727E+05   5783.      0.1136E+07******************   0.0000   0.0000   0.00000  0.5213E-01  0.1148E-01  68.1798   0.0000  0.8662E+12   0.000       1.5562  0.1886    
    0.000   1876.     15.307  0.1738E+05   5600.      0.1100E+07******************   0.0000   0.0000   0.00000  0.5245E-01  0.1112E-01  68.3874   0.0000  0.8121E+12   0.000       1.5624  0.1714    
    0.000   1876.     14.307  0.1748E+05   5429.      0.1067E+07******************   0.0000   0.0000   0.00000  0.5274E-01  0.1078E-01  68.5792   0.0000  0.7633E+12   0.000       1.5682  0.1553    
    0.000   1876.     13.307  0.1757E+05   5271.      0.1035E+07******************   0.0000   0.0000   0.00000  0.5302E-01  0.1047E-01  68.7550   0.0000  0.7194E+12   0.000       1.5734  0.1403    
    0.000   1876.     12.307  0.1765E+05   5125.      0.1007E+07******************   0.0000   0.0000   0.00000  0.5326E-01  0.1018E-01  68.9150   0.0000  0.6802E+12   0.000       1.5781  0.1265    
    0.000   1876.     11.307  0.1772E+05   4992.      0.9807E+06******************   0.0000   0.0000   0.00000  0.5349E-01  0.9913E-02  69.0593   0.0000  0.6454E+12   0.000       1.5823  0.1139    
    0.000   1876.     10.307  0.1779E+05   4872.      0.9572E+06******************   0.0000   0.0000   0.00000  0.5369E-01  0.9674E-02  69.1879   0.0000  0.6147E+12   0.000       1.5860  0.1024    
    0.000   1876.      9.307  0.1785E+05   4765.      0.9361E+06******************   0.0000   0.0000   0.00000  0.5386E-01  0.9462E-02  69.3008   0.0000  0.5880E+12   0.000       1.5892  0.9204E-01
    0.000   1876.      8.307  0.1787E+05   4653.      0.9142E+06******************   0.0000   0.0000   0.00000  0.5394E-01  0.9240E-02  69.3497   0.0000  0.5607E+12   0.000       1.5895  0.8258E-01
    0.000   1876.      7.307  0.1777E+05   4495.      0.8830E+06******************   0.0000   0.0000   0.00000  0.5364E-01  0.8924E-02  69.1611   0.0000  0.5231E+12   0.000       1.5784  0.7373E-01
    0.000   1876.      6.307  0.1737E+05   4070.      0.7996E+06******************   0.0000   0.0000   0.00000  0.5242E-01  0.8081E-02  68.3653   0.0000  0.4290E+12   0.000       1.5362  0.5170E-01
    0.000   1876.      5.307  0.1633E+05   3643.      0.7157E+06******************   0.0000   0.0000   0.00000  0.4928E-01  0.7234E-02  66.2883   0.0000  0.3437E+12   0.000       1.4386  0.4342E-01
    0.000   1876.      4.307  0.1526E+05   3239.      0.6364E+06******************   0.0000   0.0000   0.00000  0.4605E-01  0.6432E-02  64.0811   0.0000  0.2717E+12   0.000       1.3391  0.3642E-01
    0.000   1876.      3.307  0.1417E+05   2864.      0.5626E+06******************   0.0000   0.0000   0.00000  0.4278E-01  0.5686E-02  61.7631   0.0000  0.2124E+12   0.000       1.2392  0.3103E-01
    0.000   1876.      2.307  0.1309E+05   2514.      0.4938E+06******************   0.0000   0.0000   0.00000  0.3950E-01  0.4992E-02  59.3468   0.0000  0.1636E+12   0.000       1.1398  0.2649E-01
    0.000   1876.      1.307  0.1200E+05   2191.      0.4304E+06******************   0.0000   0.0000   0.00000  0.3622E-01  0.4350E-02  56.8329   0.0000  0.1243E+12   0.000       1.0415  0.2274E-01
    0.000   1876.      0.307  0.1092E+05   1895.      0.3723E+06******************   0.0000   0.0000   0.00000  0.3297E-01  0.3763E-02  54.2200   0.0000  0.9299E+11   0.000       0.9446  0.1974E-01
    0.000   1876.     -0.693   9855.       1627.      0.3196E+06******************   0.0000   0.0000   0.00000  0.2974E-01  0.3230E-02  51.5000   0.0000  0.6852E+11   0.000       0.8492  0.1745E-01
    0.000   1876.     -1.693   8802.       1386.      0.2724E+06******************   0.0000   0.0000   0.00000  0.2657E-01  0.2753E-02  48.6697   0.0000  0.4978E+11   0.000       0.7560  0.1589E-01
    0.000   1876.     -2.693   7769.       1174.      0.2306E+06******************   0.0000   0.0000   0.00000  0.2345E-01  0.2331E-02  45.7263   0.0000  0.3569E+11   0.000       0.6654  0.1484E-01
    0.000   1876.     -3.693   6764.       988.2      0.1941E+06******************   0.0000   0.0000   0.00000  0.2041E-01  0.1962E-02  42.6642   0.0000  0.2529E+11   0.000       0.5777  0.1421E-01
    0.000   1876.     -4.693   5792.       828.6      0.1628E+06******************   0.0000   0.0000   0.00000  0.1748E-01  0.1645E-02  39.4794   0.0000  0.1778E+11   0.000       0.4935  0.1391E-01
    0.000   1876.     -5.693   4862.       694.2      0.1364E+06******************   0.0000   0.0000   0.00000  0.1468E-01  0.1379E-02  36.1742   0.0000  0.1248E+11   0.000       0.4135  0.1384E-01
    0.000   1876.     -6.693   3989.       584.3      0.1148E+06******************   0.0000   0.0000   0.00000  0.1204E-01  0.1160E-02  32.7666   0.0000  0.8842E+10   0.000       0.3388  0.1394E-01
    0.000   1876.     -7.693   3194.       497.8      0.9779E+05******************   0.0000   0.0000   0.00000  0.9639E-02  0.9884E-03  29.3165   0.0000  0.6416E+10   0.000       0.2709  0.1413E-01
 GVCALC: Not converged.  Res a CL =              NaN  -5.30958250E-02  -1.85982045E-03
    0.000   1876.     -8.693   2514.       432.2      0.8490E+05******************   0.0000   0.0000   0.00000  0.7586E-02  0.8581E-03  26.0087   0.0000  0.4837E+10   0.000       0.2130  0.1433E-01
 GVCALC: Not converged.  Res a CL =              NaN  -6.30684122E-02 -0.139378130    
 GVCALC: Not converged.  Res a CL =              NaN  -6.23598062E-02 -0.144379988    
    0.000   1876.     -9.693   1725.       389.4      0.7651E+05******************   0.0000   0.0000   0.00000  0.5205E-02  0.7733E-03  21.5439   0.0000  0.3928E+10   0.000       0.1464  0.1474E-01
