
 Motor file not found:  MotorFile                                       
 Default motor used  :  Speed-400 3321 (6V) direct drive                                                

# QPROP Version 1.22
# 
# Test-clarkysmoothAF.mat                                                         
# 
# Speed-400 3321 (6V) direct drive                                                
#   0.31000     R  (Ohm)                        
#   0.77000     Io (Amp)                        
#    2760.0     Kv (rpm/Volt)                   
# 
#   rho =  1.0239     kg/m^3
#   mu  = 0.17000E-04 kg/m-s
#   a   =  333.20     m/s   
# 
#  1         2        3          4          5         6            7         8       9        10        11        12          13        14        15      16          17           18      19
# 
#  V(m/s)    rpm      Dbeta      T(N)       Q(N-m)    Pshaft(W)    Volts     Amps    effmot   effprop   adv       CT          CP        DV(m/s)   eff     Pelec       Pprop        cl_avg  cd_avg
 GVCALC: Not converged.  Res a CL =   6.05819002E-02   1.89143276     -0.423083723    
 GVCALC: Not converged.  Res a CL =   5.08891940E-02   1.84876823     -0.356898516    
 GVCALC: Not converged.  Res a CL =              NaN   1.79556882     -0.273474663    
 GVCALC: Not converged.  Res a CL =  0.117979497       1.62194741       2.91762478E-03
    0.000   1876.     30.077   4782.       9258.      0.1819E+07******************   0.0000   0.0000   0.00000  0.1443E-01  0.1838E-01  35.8748   0.0000  0.2220E+13   0.000       0.9517   1.369    
 GVCALC: Not converged.  Res a CL =   4.97227944E-02   1.88270617     -0.409604937    
 GVCALC: Not converged.  Res a CL =              NaN   1.83870554     -0.341189146    
 GVCALC: Not converged.  Res a CL =              NaN   1.78330362     -0.254122764    
 GVCALC: Not converged.  Res a CL =  0.119060196       1.60148180       3.56535129E-02
    0.000   1876.     29.077   4928.       9058.      0.1779E+07******************   0.0000   0.0000   0.00000  0.1487E-01  0.1799E-01  36.4189   0.0000  0.2125E+13   0.000       0.9755   1.336    
 GVCALC: Not converged.  Res a CL =   4.09952849E-02   1.87397957     -0.396094978    
 GVCALC: Not converged.  Res a CL =              NaN   1.83035767     -0.328130603    
 GVCALC: Not converged.  Res a CL =  0.114405558       1.67051971      -7.47562423E-02
 GVCALC: Not converged.  Res a CL =              NaN   1.64696217      -3.70951556E-02
    0.000   1876.     28.077   5073.       8856.      0.1740E+07******************   0.0000   0.0000   0.00000  0.1531E-01  0.1759E-01  36.9503   0.0000  0.2031E+13   0.000       0.9988   1.303    
 GVCALC: Not converged.  Res a CL =   3.45217064E-02   1.86495149     -0.382086515    
 GVCALC: Not converged.  Res a CL =              NaN   1.82274675     -0.316204906    
 GVCALC: Not converged.  Res a CL =  0.105985574       1.65357220      -4.76654992E-02
 GVCALC: Not converged.  Res a CL =   4.16387804E-04   1.60556257       2.91268434E-02
    0.000   1876.     27.077   5217.       8653.      0.1700E+07******************   0.0000   0.0000   0.00000  0.1574E-01  0.1718E-01  37.4683   0.0000  0.1939E+13   0.000       1.0218   1.269    
 GVCALC: Not converged.  Res a CL =   3.05738468E-02   1.85326242     -0.363903016    
 GVCALC: Not converged.  Res a CL =              NaN   1.81018543     -0.296482593    
 GVCALC: Not converged.  Res a CL =   9.92333442E-02   1.63607991      -1.96896363E-02
 GVCALC: Not converged.  Res a CL =   1.02370977E-05   1.57914984       7.13572055E-02
    0.000   1876.     26.077   5358.       8449.      0.1660E+07******************   0.0000   0.0000   0.00000  0.1617E-01  0.1678E-01  37.9742   0.0000  0.1849E+13   0.000       1.0444   1.235    
 GVCALC: Not converged.  Res a CL =   2.75193118E-02   1.84211075     -0.346509159    
 GVCALC: Not converged.  Res a CL =              NaN   1.79747331     -0.276475936    
 GVCALC: Not converged.  Res a CL =   9.49538350E-02   1.61778557       9.57525615E-03
 GVCALC: Not converged.  Res a CL =  -4.23565507E-06   1.55568683      0.108830541    
    0.000   1876.     25.077   5499.       8244.      0.1620E+07******************   0.0000   0.0000   0.00000  0.1660E-01  0.1637E-01  38.4680   0.0000  0.1760E+13   0.000       1.0666   1.201    
 GVCALC: Not converged.  Res a CL =              NaN   1.83186948     -0.330497235    
 GVCALC: Not converged.  Res a CL =              NaN   1.78491819     -0.256672442    
 GVCALC: Not converged.  Res a CL =              NaN   1.69831371     -0.119135149    
 GVCALC: Not converged.  Res a CL =  -5.91278076E-05  0.765055060       1.21097994    
    0.000   1876.     24.077   5638.       8038.      0.1579E+07******************   0.0000   0.0000   0.00000  0.1701E-01  0.1596E-01  38.9508   0.0000  0.1673E+13   0.000       1.0882   1.166    
 GVCALC: Not converged.  Res a CL =              NaN   1.82335389     -0.317156911    
 GVCALC: Not converged.  Res a CL =              NaN   1.77261555     -0.237227991    
 GVCALC: Not converged.  Res a CL =              NaN   1.63969767      -2.54763924E-02
 GVCALC: Not converged.  Res a CL =  -3.94880772E-06   1.41356599      0.333794445    
    0.000   1876.     23.077   5774.       7832.      0.1539E+07******************   0.0000   0.0000   0.00000  0.1743E-01  0.1555E-01  39.4205   0.0000  0.1589E+13   0.000       1.1096   1.132    
 GVCALC: Not converged.  Res a CL =              NaN   1.81047010     -0.296930104    
 GVCALC: Not converged.  Res a CL =              NaN   1.75610304     -0.211073816    
 GVCALC: Not converged.  Res a CL =   3.20280902E-04   1.60548484       2.92511582E-02
    0.000   1876.     22.077   5909.       7626.      0.1498E+07******************   0.0000   0.0000   0.00000  0.1784E-01  0.1514E-01  39.8787   0.0000  0.1506E+13   0.000       1.1306   1.098    
 GVCALC: Not converged.  Res a CL =              NaN   1.79864895     -0.278328091    
 GVCALC: Not converged.  Res a CL =              NaN   1.73923385     -0.184295356    
 GVCALC: Not converged.  Res a CL =   1.55325979E-05   1.58013058       6.97898492E-02
 GVCALC: Not converged.  Res a CL =   3.30060720E-06   1.47006142      0.244922534    
    0.000   1876.     21.077   6043.       7420.      0.1458E+07******************   0.0000   0.0000   0.00000  0.1824E-01  0.1473E-01  40.3256   0.0000  0.1426E+13   0.000       1.1511   1.063    
 GVCALC: Not converged.  Res a CL =              NaN   1.78914225     -0.263339847    
 GVCALC: Not converged.  Res a CL =              NaN   1.72184384     -0.156635314    
 GVCALC: Not converged.  Res a CL =  -6.19888306E-05  0.712347984       1.26436520    
    0.000   1876.     20.077   6174.       7215.      0.1417E+07******************   0.0000   0.0000   0.00000  0.1863E-01  0.1433E-01  40.7612   0.0000  0.1348E+13   0.000       1.1711   1.029    
 GVCALC: Not converged.  Res a CL =              NaN   1.77929366     -0.247787446    
 GVCALC: Not converged.  Res a CL =              NaN   1.70369053     -0.127710789    
 GVCALC: Not converged.  Res a CL =  -1.12876296E-06   1.53538573      0.141206324    
    0.000   1876.     19.077   6303.       7010.      0.1377E+07******************   0.0000   0.0000   0.00000  0.1902E-01  0.1392E-01  41.1857   0.0000  0.1273E+13   0.000       1.1908  0.9942    
 GVCALC: Not converged.  Res a CL =              NaN   1.76523721     -0.225548998    
 GVCALC: Not converged.  Res a CL =              NaN   1.65249157      -4.59375530E-02
    0.000   1876.     18.077   6430.       6807.      0.1337E+07******************   0.0000   0.0000   0.00000  0.1941E-01  0.1352E-01  41.5989   0.0000  0.1200E+13   0.000       1.2100  0.9600    
 GVCALC: Not converged.  Res a CL =              NaN   1.74882472     -0.199526995    
 GVCALC: Not converged.  Res a CL =   6.81442907E-04   1.61727893       1.03857117E-02
 GVCALC: Not converged.  Res a CL =   1.41188502E-06   1.49339628      0.207970530    
    0.000   1876.     17.077   6555.       6605.      0.1297E+07******************   0.0000   0.0000   0.00000  0.1978E-01  0.1311E-01  42.0012   0.0000  0.1130E+13   0.000       1.2288  0.9259    
 GVCALC: Not converged.  Res a CL =              NaN   1.73208427     -0.172929734    
 GVCALC: Not converged.  Res a CL =   5.89909032E-05   1.59142220       5.17397746E-02
 GVCALC: Not converged.  Res a CL =  -6.05583191E-05  0.630930066       1.33987916    
    0.000   1876.     16.077   6678.       6404.      0.1258E+07******************   0.0000   0.0000   0.00000  0.2015E-01  0.1272E-01  42.3926   0.0000  0.1062E+13   0.000       1.2471  0.8921    
 GVCALC: Not converged.  Res a CL =              NaN   1.71189225     -0.140784770    
 GVCALC: Not converged.  Res a CL =   2.27894634E-06   1.56843686       8.84732753E-02
 GVCALC: Not converged.  Res a CL =  -1.80304050E-06   1.45268071      0.272360265    
 GVCALC: Not converged.  Res a CL =   4.27663326E-06   1.34972227      0.432929277    
    0.000   1876.     15.077   6798.       6205.      0.1219E+07******************   0.0000   0.0000   0.00000  0.2052E-01  0.1232E-01  42.7733   0.0000  0.9971E+12   0.000       1.2650  0.8585    
 GVCALC: Not converged.  Res a CL =              NaN   1.67550182      -8.27164650E-02
 GVCALC: Not converged.  Res a CL =  -4.58955765E-06   1.33011544      0.463038713    
    0.000   1876.     14.077   6916.       6008.      0.1180E+07******************   0.0000   0.0000   0.00000  0.2087E-01  0.1193E-01  43.1432   0.0000  0.9349E+12   0.000       1.2824  0.8252    
 GVCALC: Not converged.  Res a CL =   1.80194015E-03   1.63816190      -2.30198987E-02
 GVCALC: Not converged.  Res a CL =  -3.98159027E-05  0.567384243       1.39267242    
    0.000   1876.     13.077   7032.       5814.      0.1142E+07******************   0.0000   0.0000   0.00000  0.2122E-01  0.1154E-01  43.5024   0.0000  0.8754E+12   0.000       1.2994  0.7922    
 GVCALC: Not converged.  Res a CL =   2.38100765E-04   1.60985637       2.22589448E-02
    0.000   1876.     12.077   7145.       5622.      0.1104E+07******************   0.0000   0.0000   0.00000  0.2157E-01  0.1116E-01  43.8511   0.0000  0.8185E+12   0.000       1.3159  0.7596    
 GVCALC: Not converged.  Res a CL =   2.46972777E-05   1.58588564       6.05911352E-02
 GVCALC: Not converged.  Res a CL =   1.52923167E-06   1.48474860      0.221678853    
    0.000   1876.     11.077   7256.       5433.      0.1067E+07******************   0.0000   0.0000   0.00000  0.2190E-01  0.1079E-01  44.1893   0.0000  0.7644E+12   0.000       1.3320  0.7275    
 GVCALC: Not converged.  Res a CL =   1.46590173E-06   1.56375122       9.59564298E-02
 GVCALC: Not converged.  Res a CL =  -1.64657831E-06   1.35383642      0.426589817    
    0.000   1876.     10.077   7364.       5247.      0.1031E+07******************   0.0000   0.0000   0.00000  0.2223E-01  0.1042E-01  44.5169   0.0000  0.7129E+12   0.000       1.3476  0.6958    
 GVCALC: Not converged.  Res a CL =   5.21540642E-07   1.54254818      0.129789740    
    0.000   1876.      9.077   7469.       5064.      0.9949E+06******************   0.0000   0.0000   0.00000  0.2254E-01  0.1006E-01  44.8341   0.0000  0.6641E+12   0.000       1.3627  0.6646    
 GVCALC: Not converged.  Res a CL =  -4.75905836E-07   1.52189422      0.162690938    
 GVCALC: Not converged.  Res a CL =   1.14366412E-06   1.42510116      0.315726012    
    0.000   1876.      8.077   7572.       4885.      0.9596E+06******************   0.0000   0.0000   0.00000  0.2285E-01  0.9699E-02  45.1409   0.0000  0.6179E+12   0.000       1.3773  0.6339    
 GVCALC: Not converged.  Res a CL =  -5.76488674E-07   1.50160480      0.194943935    
    0.000   1876.      7.077   7672.       4709.      0.9251E+06******************   0.0000   0.0000   0.00000  0.2315E-01  0.9351E-02  45.4374   0.0000  0.5743E+12   0.000       1.3915  0.6039    
    0.000   1876.      6.077   7768.       4537.      0.8914E+06******************   0.0000   0.0000   0.00000  0.2345E-01  0.9010E-02  45.7235   0.0000  0.5332E+12   0.000       1.4052  0.5744    
    0.000   1876.      5.077   7862.       4370.      0.8585E+06******************   0.0000   0.0000   0.00000  0.2373E-01  0.8677E-02  45.9993   0.0000  0.4945E+12   0.000       1.4184  0.5456    
 GVCALC: Not converged.  Res a CL =  -5.10364771E-07   1.44210696      0.289012581    
    0.000   1876.      4.077   7953.       4206.      0.8264E+06******************   0.0000   0.0000   0.00000  0.2400E-01  0.8352E-02  46.2648   0.0000  0.4582E+12   0.000       1.4312  0.5175    
 GVCALC: Not converged.  Res a CL =   1.22934580E-06   1.42258871      0.319665134    
    0.000   1876.      3.077   8042.       4048.      0.7952E+06******************   0.0000   0.0000   0.00000  0.2427E-01  0.8037E-02  46.5201   0.0000  0.4243E+12   0.000       1.4434  0.4900    
    0.000   1876.      2.077   8126.       3893.      0.7649E+06******************   0.0000   0.0000   0.00000  0.2453E-01  0.7731E-02  46.7651   0.0000  0.3925E+12   0.000       1.4552  0.4634    
    0.000   1876.      1.077   8208.       3744.      0.7355E+06******************   0.0000   0.0000   0.00000  0.2477E-01  0.7434E-02  47.0000   0.0000  0.3630E+12   0.000       1.4665  0.4375    
    0.000   1876.      0.077   8287.       3600.      0.7072E+06******************   0.0000   0.0000   0.00000  0.2501E-01  0.7148E-02  47.2246   0.0000  0.3356E+12   0.000       1.4773  0.4124    
 GVCALC: Not converged.  Res a CL =  -1.63167715E-06   1.25198793      0.581134975    
    0.000   1876.     -0.923   8362.       3460.      0.6798E+06******************   0.0000   0.0000   0.00000  0.2524E-01  0.6871E-02  47.4391   0.0000  0.3101E+12   0.000       1.4876  0.3882    
    0.000   1876.     -1.923   8435.       3327.      0.6535E+06******************   0.0000   0.0000   0.00000  0.2546E-01  0.6605E-02  47.6435   0.0000  0.2866E+12   0.000       1.4974  0.3648    
    0.000   1876.     -2.923   8504.       3198.      0.6283E+06******************   0.0000   0.0000   0.00000  0.2566E-01  0.6351E-02  47.8377   0.0000  0.2649E+12   0.000       1.5068  0.3423    
    0.000   1876.     -3.923   8569.       3076.      0.6042E+06******************   0.0000   0.0000   0.00000  0.2586E-01  0.6107E-02  48.0219   0.0000  0.2450E+12   0.000       1.5156  0.3207    
    0.000   1876.     -4.923   8631.       2959.      0.5812E+06******************   0.0000   0.0000   0.00000  0.2605E-01  0.5875E-02  48.1959   0.0000  0.2267E+12   0.000       1.5240  0.3001    
    0.000   1876.     -5.923   8690.       2847.      0.5594E+06******************   0.0000   0.0000   0.00000  0.2623E-01  0.5654E-02  48.3599   0.0000  0.2100E+12   0.000       1.5318  0.2804    
    0.000   1876.     -6.923   8746.       2742.      0.5387E+06******************   0.0000   0.0000   0.00000  0.2640E-01  0.5445E-02  48.5138   0.0000  0.1947E+12   0.000       1.5392  0.2617    
    0.000   1876.     -7.923   8798.       2643.      0.5193E+06******************   0.0000   0.0000   0.00000  0.2655E-01  0.5249E-02  48.6577   0.0000  0.1809E+12   0.000       1.5460  0.2440    
 GVCALC: Not converged.  Res a CL =   4.14252281E-06  0.895040870       1.06527698    
    0.000   1876.     -8.923   8846.       2550.      0.5010E+06******************   0.0000   0.0000   0.00000  0.2670E-01  0.5064E-02  48.7916   0.0000  0.1685E+12   0.000       1.5524  0.2273    
    0.000   1876.     -9.923   8891.       2464.      0.4840E+06******************   0.0000   0.0000   0.00000  0.2683E-01  0.4892E-02  48.9154   0.0000  0.1572E+12   0.000       1.5582  0.2117    
    0.000   1876.    -10.923   8932.       2384.      0.4683E+06******************   0.0000   0.0000   0.00000  0.2696E-01  0.4733E-02  49.0293   0.0000  0.1472E+12   0.000       1.5636  0.1971    
    0.000   1876.    -11.923   8970.       2310.      0.4538E+06******************   0.0000   0.0000   0.00000  0.2707E-01  0.4587E-02  49.1332   0.0000  0.1382E+12   0.000       1.5685  0.1836    
    0.000   1876.    -12.923   9005.       2243.      0.4406E+06******************   0.0000   0.0000   0.00000  0.2718E-01  0.4453E-02  49.2271   0.0000  0.1303E+12   0.000       1.5729  0.1712    
    0.000   1876.    -13.923   9035.       2182.      0.4287E+06******************   0.0000   0.0000   0.00000  0.2727E-01  0.4333E-02  49.3112   0.0000  0.1233E+12   0.000       1.5767  0.1598    
 GVCALC: Not converged.  Res a CL =  -6.29425049E-05   7.51119778E-02   1.59930801    
    0.000   1876.    -14.923   9063.       2128.      0.4181E+06******************   0.0000   0.0000   0.00000  0.2735E-01  0.4226E-02  49.3853   0.0000  0.1173E+12   0.000       1.5801  0.1496    
    0.000   1876.    -15.923   8922.       1989.      0.3906E+06******************   0.0000   0.0000   0.00000  0.2693E-01  0.3948E-02  49.0010   0.0000  0.1024E+12   0.000       1.5534  0.1329    
    0.000   1876.    -16.923   8504.       1787.      0.3510E+06******************   0.0000   0.0000   0.00000  0.2567E-01  0.3547E-02  47.8381   0.0000  0.8265E+11   0.000       1.4780  0.1155    
    0.000   1876.    -17.923   8005.       1580.      0.3105E+06******************   0.0000   0.0000   0.00000  0.2416E-01  0.3138E-02  46.4145   0.0000  0.6468E+11   0.000       1.3886  0.9892E-01
 GVCALC: Not converged.  Res a CL =  -6.50882721E-05   1.84468888E-02   1.09199119    
    0.000   1876.    -18.923   7463.       1391.      0.2733E+06******************   0.0000   0.0000   0.00000  0.2252E-01  0.2763E-02  44.8144   0.0000  0.5013E+11   0.000       1.2921  0.8545E-01
    0.000   1876.    -19.923   6896.       1223.      0.2403E+06******************   0.0000   0.0000   0.00000  0.2081E-01  0.2429E-02  43.0790   0.0000  0.3875E+11   0.000       1.1920  0.7514E-01
    0.000   1876.    -20.923   6314.       1062.      0.2087E+06******************   0.0000   0.0000   0.00000  0.1906E-01  0.2110E-02  41.2207   0.0000  0.2923E+11   0.000       1.0894  0.6504E-01
    0.000   1876.    -21.923   5731.       920.9      0.1809E+06******************   0.0000   0.0000   0.00000  0.1730E-01  0.1828E-02  39.2740   0.0000  0.2196E+11   0.000       0.9872  0.5674E-01
    0.000   1876.    -22.923   5144.       801.2      0.1574E+06******************   0.0000   0.0000   0.00000  0.1552E-01  0.1591E-02  37.2052   0.0000  0.1662E+11   0.000       0.8847  0.5119E-01
 GVCALC: Not converged.  Res a CL =  -4.32729721E-05  -3.53664905E-02  0.270602763    
    0.000   1876.    -23.923   4569.       693.9      0.1363E+06******************   0.0000   0.0000   0.00000  0.1379E-01  0.1378E-02  35.0659   0.0000  0.1247E+11   0.000       0.7848  0.4584E-01
    0.000   1876.    -24.923   4002.       604.6      0.1188E+06******************   0.0000   0.0000   0.00000  0.1208E-01  0.1201E-02  32.8180   0.0000  0.9467E+10   0.000       0.6866  0.4248E-01
    0.000   1876.    -25.923   3468.       530.6      0.1042E+06******************   0.0000   0.0000   0.00000  0.1047E-01  0.1054E-02  30.5511   0.0000  0.7291E+10   0.000       0.5945  0.3994E-01
 GVCALC: Not converged.  Res a CL =              NaN  -5.66516668E-02  -5.65783642E-02
    0.000   1876.    -26.923   2968.       464.9      0.9133E+05******************   0.0000   0.0000   0.00000  0.8958E-02  0.9231E-03  28.2630   0.0000  0.5597E+10   0.000       0.5083  0.3704E-01
 GVCALC: Not converged.  Res a CL =              NaN  -5.55739626E-02  -3.58871855E-02
 GVCALC: Not converged.  Res a CL =              NaN  -7.18976408E-02 -0.291179448    
    0.000   1876.    -27.923   2474.       416.8      0.8189E+05******************   0.0000   0.0000   0.00000  0.7466E-02  0.8277E-03  25.8021   0.0000  0.4500E+10   0.000       0.4234  0.3571E-01
 GVCALC: Not converged.  Res a CL =              NaN  -5.45609556E-02  -2.00939924E-02
 GVCALC: Not converged.  Res a CL =              NaN  -7.77291805E-02 -0.341824174    
 GVCALC: Not converged.  Res a CL =              NaN  -7.80136958E-02 -0.385128260    
    0.000   1876.    -28.923   1964.       383.0      0.7525E+05******************   0.0000   0.0000   0.00000  0.5928E-02  0.7606E-03  22.9916   0.0000  0.3800E+10   0.000       0.3364  0.3509E-01
 GVCALC: Not converged.  Res a CL =  -2.79825181E-05  -5.27150258E-02   2.89058592E-03
 GVCALC: Not converged.  Res a CL =              NaN  -5.38950115E-02  -1.08600650E-02
 GVCALC: Not converged.  Res a CL =              NaN  -5.35146594E-02  -6.83314167E-03
 GVCALC: Not converged.  Res a CL =              NaN  -7.86051080E-02 -0.353770286    
 GVCALC: Not converged.  Res a CL =              NaN  -6.20394163E-02 -0.138892114    
    0.000   1876.    -29.923   1706.       343.1      0.6740E+05********99165.4531   0.0000   0.0000   0.00000  0.5149E-02  0.6813E-03  21.4275   0.0000  0.3049E+10   0.000       0.2917  0.3264E-01
