
 Motor file not found:  MotorFile                                       
 Default motor used  :  Speed-400 3321 (6V) direct drive                                                

# QPROP Version 1.22
# 
# Test-clarky.mat                                                                 
# 
# Speed-400 3321 (6V) direct drive                                                
#   0.31000     R  (Ohm)                        
#   0.77000     Io (Amp)                        
#    2760.0     Kv (rpm/Volt)                   
# 
#   rho =  1.0555     kg/m^3
#   mu  = 0.17000E-04 kg/m-s
#   a   =  334.39     m/s   
# 
#  1         2        3          4          5         6            7         8       9        10        11        12          13        14        15      16          17           18      19
# 
#  V(m/s)    rpm      Dbeta      T(N)       Q(N-m)    Pshaft(W)    Volts     Amps    effmot   effprop   adv       CT          CP        DV(m/s)   eff     Pelec       Pprop        cl_avg  cd_avg
    0.000   9580.     55.371   643.4       205.8      0.2064E+06********59474.3516   0.0002   0.0000   0.00000  0.4761E-01  0.5075E-01  65.6654   0.0000  0.1097E+10   0.000       1.0886   1.055    
    0.000   9580.     54.371   663.1       200.5      0.2012E+06********57960.4531   0.0002   0.0000   0.00000  0.4906E-01  0.4946E-01  66.6613   0.0000  0.1042E+10   0.000       1.1083   1.016    
    0.000   9580.     53.371   682.5       195.3      0.1959E+06********56455.8789   0.0002   0.0000   0.00000  0.5050E-01  0.4818E-01  67.6287   0.0000  0.9882E+09   0.000       1.1274  0.9780    
    0.000   9580.     52.371   701.6       190.2      0.1908E+06********54962.5234   0.0002   0.0000   0.00000  0.5191E-01  0.4690E-01  68.5680   0.0000  0.9367E+09   0.000       1.1461  0.9399    
    0.000   9580.     51.371   720.3       185.0      0.1856E+06********53482.2500   0.0002   0.0000   0.00000  0.5330E-01  0.4564E-01  69.4795   0.0000  0.8869E+09   0.000       1.1642  0.9022    
    0.000   9580.     50.371   738.8       180.0      0.1805E+06********52016.9102   0.0002   0.0000   0.00000  0.5466E-01  0.4439E-01  70.3638   0.0000  0.8390E+09   0.000       1.1818  0.8649    
    0.000   9580.     49.371   756.9       175.0      0.1755E+06********50568.2500   0.0002   0.0000   0.00000  0.5600E-01  0.4315E-01  71.2210   0.0000  0.7929E+09   0.000       1.1989  0.8279    
    0.000   9580.     48.371   774.7       170.0      0.1705E+06********49138.0000   0.0002   0.0000   0.00000  0.5732E-01  0.4193E-01  72.0515   0.0000  0.7487E+09   0.000       1.2155  0.7914    
    0.000   9580.     47.371   792.0       165.1      0.1657E+06********47727.8164   0.0002   0.0000   0.00000  0.5860E-01  0.4073E-01  72.8557   0.0000  0.7063E+09   0.000       1.2315  0.7553    
    0.000   9580.     46.371   809.1       160.3      0.1608E+06********46339.3008   0.0002   0.0000   0.00000  0.5986E-01  0.3954E-01  73.6337   0.0000  0.6658E+09   0.000       1.2471  0.7199    
    0.000   9580.     45.371   825.7       155.6      0.1561E+06********44974.0195   0.0002   0.0000   0.00000  0.6109E-01  0.3838E-01  74.3857   0.0000  0.6272E+09   0.000       1.2622  0.6849    
    0.000   9580.     44.371   841.9       151.0      0.1514E+06********43633.4727   0.0003   0.0000   0.00000  0.6229E-01  0.3723E-01  75.1121   0.0000  0.5904E+09   0.000       1.2767  0.6507    
    0.000   9580.     43.371   857.7       146.4      0.1469E+06********42319.0938   0.0003   0.0000   0.00000  0.6346E-01  0.3611E-01  75.8131   0.0000  0.5553E+09   0.000       1.2907  0.6170    
    0.000   9580.     42.371   873.0       142.0      0.1424E+06********41032.2773   0.0003   0.0000   0.00000  0.6459E-01  0.3501E-01  76.4887   0.0000  0.5221E+09   0.000       1.3043  0.5841    
    0.000   9580.     41.371   887.9       137.6      0.1380E+06********39774.3477   0.0003   0.0000   0.00000  0.6570E-01  0.3394E-01  77.1393   0.0000  0.4906E+09   0.000       1.3173  0.5519    
    0.000   9580.     40.371   902.4       133.4      0.1338E+06********38546.5820   0.0003   0.0000   0.00000  0.6677E-01  0.3289E-01  77.7649   0.0000  0.4607E+09   0.000       1.3298  0.5205    
    0.000   9580.     39.371   916.4       129.2      0.1296E+06********37350.2031   0.0003   0.0000   0.00000  0.6780E-01  0.3187E-01  78.3657   0.0000  0.4326E+09   0.000       1.3418  0.4899    
    0.000   9580.     38.371   929.9       125.2      0.1256E+06********36186.3633   0.0003   0.0000   0.00000  0.6880E-01  0.3088E-01  78.9420   0.0000  0.4061E+09   0.000       1.3533  0.4602    
    0.000   9580.     37.371   943.0       121.3      0.1217E+06********35056.1680   0.0003   0.0000   0.00000  0.6977E-01  0.2991E-01  79.4939   0.0000  0.3811E+09   0.000       1.3643  0.4313    
    0.000   9580.     36.371   955.5       117.5      0.1179E+06********33960.6602   0.0003   0.0000   0.00000  0.7070E-01  0.2898E-01  80.0214   0.0000  0.3576E+09   0.000       1.3747  0.4034    
    0.000   9580.     35.371   967.6       113.8      0.1142E+06********32900.8438   0.0003   0.0000   0.00000  0.7159E-01  0.2807E-01  80.5248   0.0000  0.3357E+09   0.000       1.3847  0.3763    
    0.000   9580.     34.371   979.1       110.3      0.1106E+069885.53931877.6406   0.0004   0.0000   0.00000  0.7245E-01  0.2720E-01  81.0042   0.0000  0.3151E+09   0.000       1.3942  0.3503    
    0.000   9580.     33.371   990.2       106.9      0.1072E+069579.97130891.9355   0.0004   0.0000   0.00000  0.7326E-01  0.2636E-01  81.4596   0.0000  0.2959E+09   0.000       1.4032  0.3252    
    0.000   9580.     32.371   1001.       103.6      0.1039E+069286.27929944.5449   0.0004   0.0000   0.00000  0.7404E-01  0.2555E-01  81.8914   0.0000  0.2781E+09   0.000       1.4117  0.3011    
    0.000   9580.     31.371   1011.       100.5      0.1008E+069004.70429036.2363   0.0004   0.0000   0.00000  0.7478E-01  0.2478E-01  82.2995   0.0000  0.2615E+09   0.000       1.4196  0.2781    
    0.000   9580.     30.371   1020.       97.45      0.9776E+058735.46528167.7227   0.0004   0.0000   0.00000  0.7548E-01  0.2404E-01  82.6841   0.0000  0.2461E+09   0.000       1.4271  0.2561    
    0.000   9580.     29.371   1029.       94.59      0.9489E+058478.76627339.6621   0.0004   0.0000   0.00000  0.7614E-01  0.2333E-01  83.0454   0.0000  0.2318E+09   0.000       1.4341  0.2352    
    0.000   9580.     28.371   1037.       91.87      0.9216E+058234.79426552.6562   0.0004   0.0000   0.00000  0.7676E-01  0.2266E-01  83.3835   0.0000  0.2187E+09   0.000       1.4406  0.2153    
    0.000   9580.     27.371   1045.       89.29      0.8957E+058003.72125807.2578   0.0004   0.0000   0.00000  0.7735E-01  0.2202E-01  83.6984   0.0000  0.2066E+09   0.000       1.4466  0.1966    
    0.000   9580.     26.371   1053.       86.85      0.8713E+057785.69725103.9551   0.0004   0.0000   0.00000  0.7789E-01  0.2142E-01  83.9904   0.0000  0.1955E+09   0.000       1.4521  0.1790    
    0.000   9580.     25.371   1060.       84.56      0.8483E+057580.36324441.5879   0.0005   0.0000   0.00000  0.7840E-01  0.2086E-01  84.2645   0.0000  0.1853E+09   0.000       1.4572  0.1623    
    0.000   9580.     24.371   1066.       82.41      0.8267E+057387.13123818.2598   0.0005   0.0000   0.00000  0.7886E-01  0.2032E-01  84.5144   0.0000  0.1759E+09   0.000       1.4614  0.1467    
    0.000   9580.     23.371   1072.       80.35      0.8060E+057202.64823223.1543   0.0005   0.0000   0.00000  0.7929E-01  0.1982E-01  84.7452   0.0000  0.1673E+09   0.000       1.4645  0.1315    
    0.000   9580.     22.371   1076.       78.40      0.7865E+057028.64922661.8672   0.0005   0.0000   0.00000  0.7963E-01  0.1934E-01  84.9258   0.0000  0.1593E+09   0.000       1.4658  0.1179    
    0.000   9580.     21.371   1080.       76.47      0.7671E+056855.22722102.4395   0.0005   0.0000   0.00000  0.7989E-01  0.1886E-01  85.0634   0.0000  0.1515E+09   0.000       1.4650  0.1046    
    0.000   9580.     20.371   1081.       74.52      0.7475E+056680.20921537.8672   0.0005   0.0000   0.00000  0.8000E-01  0.1838E-01  85.1231   0.0000  0.1439E+09   0.000       1.4610  0.9213E-01
    0.000   9580.     19.371   1080.       72.49      0.7272E+056498.89020952.9648   0.0005   0.0000   0.00000  0.7991E-01  0.1788E-01  85.0762   0.0000  0.1362E+09   0.000       1.4529  0.8066E-01
    0.000   9580.     18.371   1075.       70.48      0.7071E+056318.83720372.1504   0.0005   0.0000   0.00000  0.7954E-01  0.1738E-01  84.8756   0.0000  0.1287E+09   0.000       1.4396  0.7143E-01
    0.000   9580.     17.371   1066.       68.18      0.6839E+056112.13219705.3594   0.0006   0.0000   0.00000  0.7888E-01  0.1681E-01  84.5218   0.0000  0.1204E+09   0.000       1.4205  0.6218E-01
    0.000   9580.     16.371   1052.       65.64      0.6585E+055885.31618973.6934   0.0006   0.0000   0.00000  0.7785E-01  0.1619E-01  83.9683   0.0000  0.1117E+09   0.000       1.3946  0.5408E-01
    0.000   9580.     15.371   1032.       62.81      0.6301E+055631.80818155.9277   0.0006   0.0000   0.00000  0.7638E-01  0.1549E-01  83.1723   0.0000  0.1023E+09   0.000       1.3608  0.4709E-01
    0.000   9580.     14.371   1005.       59.58      0.5977E+055341.65117219.9355   0.0006   0.0000   0.00000  0.7438E-01  0.1469E-01  82.0805   0.0000  0.9198E+08   0.000       1.3177  0.4110E-01
    0.000   9580.     13.371   970.3       55.79      0.5597E+055002.27416125.1709   0.0007   0.0000   0.00000  0.7180E-01  0.1376E-01  80.6397   0.0000  0.8066E+08   0.000       1.2641  0.3584E-01
    0.000   9580.     12.371   927.5       51.39      0.5155E+054608.10414853.6562   0.0008   0.0000   0.00000  0.6863E-01  0.1267E-01  78.8410   0.0000  0.6845E+08   0.000       1.2004  0.3094E-01
    0.000   9580.     11.371   880.8       46.77      0.4692E+054194.47613519.3721   0.0008   0.0000   0.00000  0.6517E-01  0.1154E-01  76.8313   0.0000  0.5671E+08   0.000       1.1324  0.2637E-01
    0.000   9580.     10.371   833.4       42.35      0.4248E+053797.81312239.8125   0.0009   0.0000   0.00000  0.6166E-01  0.1044E-01  74.7330   0.0000  0.4648E+08   0.000       1.0645  0.2242E-01
    0.000   9580.      9.371   785.7       38.18      0.3830E+053424.45611035.4365   0.0010   0.0000   0.00000  0.5813E-01  0.9416E-02  72.5616   0.0000  0.3779E+08   0.000       0.9973  0.1916E-01
    0.000   9580.      8.371   737.7       34.28      0.3438E+053074.780 9907.4492   0.0011   0.0000   0.00000  0.5459E-01  0.8454E-02  70.3137   0.0000  0.3046E+08   0.000       0.9308  0.1656E-01
    0.000   9580.      7.371   689.7       30.64      0.3074E+052749.127 8856.9551   0.0013   0.0000   0.00000  0.5103E-01  0.7557E-02  67.9856   0.0000  0.2435E+08   0.000       0.8652  0.1459E-01
    0.000   9580.      6.371   641.6       27.28      0.2736E+052447.793 7884.9092   0.0014   0.0000   0.00000  0.4747E-01  0.6728E-02  65.5731   0.0000  0.1930E+08   0.000       0.8004  0.1325E-01
    0.000   9580.      5.371   593.6       24.19      0.2427E+052170.955 6991.8838   0.0016   0.0000   0.00000  0.4392E-01  0.5966E-02  63.0717   0.0000  0.1518E+08   0.000       0.7367  0.1249E-01
    0.000   9580.      4.371   545.8       21.37      0.2143E+051918.031 6176.0005   0.0018   0.0000   0.00000  0.4038E-01  0.5270E-02  60.4771   0.0000  0.1185E+08   0.000       0.6739  0.1222E-01
    0.000   9580.      3.371   498.2       18.79      0.1885E+051687.350 5431.8691   0.0021   0.0000   0.00000  0.3687E-01  0.4635E-02  57.7844   0.0000  0.9165E+07   0.000       0.6124  0.1229E-01
    0.000   9580.      2.371   451.2       16.43      0.1648E+051475.677 4749.0537   0.0024   0.0000   0.00000  0.3338E-01  0.4052E-02  54.9880   0.0000  0.7008E+07   0.000       0.5520  0.1250E-01
    0.000   9580.      1.371   404.7       14.27      0.1431E+051281.994 4124.2666   0.0027   0.0000   0.00000  0.2995E-01  0.3519E-02  52.0807   0.0000  0.5287E+07   0.000       0.4931  0.1277E-01
    0.000   9580.      0.371   359.1       12.31      0.1235E+051106.611 3558.5183   0.0031   0.0000   0.00000  0.2657E-01  0.3036E-02  49.0536   0.0000  0.3938E+07   0.000       0.4357  0.1311E-01
    0.000   9580.     -0.629   314.3       10.56      0.1059E+05 949.813 3052.7166   0.0037   0.0000   0.00000  0.2326E-01  0.2604E-02  45.8969   0.0000  0.2900E+07   0.000       0.3800  0.1350E-01
    0.000   9580.     -1.629   270.8       9.019       9048.     811.821 2607.5813   0.0043   0.0000   0.00000  0.2004E-01  0.2224E-02  42.5998   0.0000  0.2117E+07   0.000       0.3263  0.1393E-01
    0.000   9580.     -2.629   228.7       7.691       7715.     692.777 2223.5676   0.0050   0.0000   0.00000  0.1692E-01  0.1897E-02  39.1506   0.0000  0.1540E+07   0.000       0.2747  0.1440E-01
    0.000   9580.     -3.629   188.5       6.574       6595.     592.709 1900.7692   0.0059   0.0000   0.00000  0.1394E-01  0.1621E-02  35.5384   0.0000  0.1127E+07   0.000       0.2258  0.1489E-01
    0.000   9580.     -4.629   150.5       5.667       5685.     511.473 1638.7150   0.0068   0.0000   0.00000  0.1113E-01  0.1398E-02  31.7572   0.0000  0.8382E+06   0.000       0.1800  0.1539E-01
