
 Motor file not found:  MotorFile                                       
 Default motor used  :  Speed-400 3321 (6V) direct drive                                                

# QPROP Version 1.22
# 
# Test-clarky.mat                                                                 
# 
# Speed-400 3321 (6V) direct drive                                                
#   0.31000     R  (Ohm)                        
#   0.77000     Io (Amp)                        
#    2760.0     Kv (rpm/Volt)                   
# 
#   rho =  1.2250     kg/m^3
#   mu  = 0.17000E-04 kg/m-s
#   a   =  340.29     m/s   
# 
#  1         2        3          4          5         6            7         8       9        10        11        12          13        14        15      16          17           18      19
# 
#  V(m/s)    rpm      Dbeta      T(N)       Q(N-m)    Pshaft(W)    Volts     Amps    effmot   effprop   adv       CT          CP        DV(m/s)   eff     Pelec       Pprop        cl_avg  cd_avg
 GVCALC: Not converged.  Res a CL =   3.05070635E-03   1.67870080      -2.46188063E-02
 GVCALC: Not converged.  Res a CL =   1.45413913E-04   1.61016333       7.69111738E-02
 GVCALC: Not converged.  Res a CL =   1.56648457E-06   1.54869056      0.167682335    
 GVCALC: Not converged.  Res a CL =  -1.91852450E-06   1.49273968      0.249758050    
    0.000   8666.     25.052   40.32       16.08      0.1459E+051444.187 4648.5405   0.0022   0.0000   0.00000  0.3141E-02  0.4176E-02  15.2577   0.0000  0.6713E+07   0.000       0.8332   1.476    
 GVCALC: Not converged.  Res a CL =   1.38006383E-03   1.65575635       9.38137900E-03
 GVCALC: Not converged.  Res a CL =   2.41613016E-05   1.58849001      0.108965002    
 GVCALC: Not converged.  Res a CL =  -1.43051147E-05   1.05557799      0.844686747    
 GVCALC: Not converged.  Res a CL =   1.30236149E-05  0.872771800       1.05195796    
    0.000   8666.     24.052   41.48       15.76      0.1430E+051415.463 4555.8809   0.0022   0.0000   0.00000  0.3232E-02  0.4093E-02  15.4757   0.0000  0.6449E+07   0.000       0.8550   1.446    
 GVCALC: Not converged.  Res a CL =   4.65168152E-04   1.63295221       4.31687906E-02
 GVCALC: Not converged.  Res a CL =   4.90248203E-06   1.56740618      0.140098035    
 GVCALC: Not converged.  Res a CL =  -2.25305557E-05  0.947969794      0.970571220    
    0.000   8666.     23.052   42.62       15.44      0.1401E+051386.471 4462.3594   0.0023   0.0000   0.00000  0.3321E-02  0.4009E-02  15.6885   0.0000  0.6187E+07   0.000       0.8766   1.417    
 GVCALC: Not converged.  Res a CL =   9.98973846E-05   1.61059594       7.62709379E-02
 GVCALC: Not converged.  Res a CL =   1.01700425E-06   1.54676616      0.170515478    
 GVCALC: Not converged.  Res a CL =   3.73274088E-06   1.43405461      0.335000277    
 GVCALC: Not converged.  Res a CL =  -2.66730785E-06   1.38297462      0.408267170    
 GVCALC: Not converged.  Res a CL =   1.77025795E-05   1.01932561      0.888262749    
 GVCALC: Not converged.  Res a CL =  -1.18315220E-05  0.837256372       1.08835602    
    0.000   8666.     22.052   43.76       15.11      0.1371E+051357.248 4368.0898   0.0023   0.0000   0.00000  0.3410E-02  0.3924E-02  15.8963   0.0000  0.5929E+07   0.000       0.8978   1.386    
 GVCALC: Not converged.  Res a CL =   1.65654346E-05   1.58883834      0.108450204    
 GVCALC: Not converged.  Res a CL =  -1.99303031E-06   1.52644765      0.200388223    
 GVCALC: Not converged.  Res a CL =   1.37835741E-06   1.46878314      0.284676403    
 GVCALC: Not converged.  Res a CL =   2.38418579E-05  0.831625104       1.09400225    
 GVCALC: Not converged.  Res a CL =   1.32918358E-05  0.819507241       1.10603464    
    0.000   8666.     21.052   44.89       14.78      0.1341E+051327.828 4273.1880   0.0024   0.0000   0.00000  0.3497E-02  0.3839E-02  16.0992   0.0000  0.5674E+07   0.000       0.9187   1.356    
 GVCALC: Not converged.  Res a CL =   3.30153853E-06   1.56769168      0.139676824    
 GVCALC: Not converged.  Res a CL =  -1.33179128E-06   1.50637305      0.229821175    
 GVCALC: Not converged.  Res a CL =  -4.21702862E-06   1.39546418      0.390443772    
    0.000   8666.     20.052   46.00       14.45      0.1311E+051298.247 4177.7656   0.0024   0.0000   0.00000  0.3584E-02  0.3753E-02  16.2973   0.0000  0.5424E+07   0.000       0.9392   1.325    
 GVCALC: Not converged.  Res a CL =   1.19209290E-06   1.54700005      0.170171171    
 GVCALC: Not converged.  Res a CL =  -1.36718154E-06   1.48649263      0.258878201    
 GVCALC: Not converged.  Res a CL =   2.48849392E-06   1.37628996      0.417780608    
 GVCALC: Not converged.  Res a CL =  -3.17692757E-05  0.824454427       1.10114181    
 GVCALC: Not converged.  Res a CL =   1.82390213E-05  0.796117306       1.12879860    
 GVCALC: Not converged.  Res a CL =   1.02818012E-05  0.784034848       1.14031661    
    0.000   8666.     19.052   47.09       14.12      0.1281E+051268.540 4081.9370   0.0025   0.0000   0.00000  0.3669E-02  0.3667E-02  16.4906   0.0000  0.5178E+07   0.000       0.9595   1.294    
 GVCALC: Not converged.  Res a CL =   6.35161996E-07   1.52663696      0.200110272    
 GVCALC: Not converged.  Res a CL =   2.04443932E-05  0.766310453       1.15691137    
    0.000   8666.     18.052   48.18       13.79      0.1251E+051238.742 3985.8130   0.0025   0.0000   0.00000  0.3754E-02  0.3581E-02  16.6793   0.0000  0.4937E+07   0.000       0.9794   1.263    
 GVCALC: Not converged.  Res a CL =  -2.52574682E-06   1.33814991      0.471690804    
 GVCALC: Not converged.  Res a CL =  -5.71906567E-05  0.760644555       1.16213965    
 GVCALC: Not converged.  Res a CL =  -1.11460686E-05  0.748595119       1.17313433    
    0.000   8666.     17.052   49.25       13.45      0.1221E+051208.887 3889.5073   0.0026   0.0000   0.00000  0.3837E-02  0.3494E-02  16.8634   0.0000  0.4702E+07   0.000       0.9990   1.232    
 GVCALC: Not converged.  Res a CL =   5.66244125E-07   1.48660898      0.258708417    
 GVCALC: Not converged.  Res a CL =  -1.54376030E-05  0.742918313       1.17825532    
 GVCALC: Not converged.  Res a CL =  -2.11000443E-05  0.730886340       1.18898332    
    0.000   8666.     16.052   50.30       13.12      0.1191E+051179.009 3793.1274   0.0027   0.0000   0.00000  0.3919E-02  0.3408E-02  17.0430   0.0000  0.4472E+07   0.000       1.0182   1.201    
 GVCALC: Not converged.  Res a CL =   1.35600567E-06   1.40833306      0.372015387    
    0.000   8666.     15.052   51.34       12.79      0.1160E+051149.143 3696.7859   0.0027   0.0000   0.00000  0.4000E-02  0.3321E-02  17.2182   0.0000  0.4248E+07   0.000       1.0371   1.170    
 GVCALC: Not converged.  Res a CL =  -2.57790089E-05  0.707489431       1.20935071    
    0.000   8666.     14.052   52.37       12.45      0.1130E+051119.323 3600.5928   0.0028   0.0000   0.00000  0.4080E-02  0.3235E-02  17.3891   0.0000  0.4030E+07   0.000       1.0556   1.138    
 GVCALC: Not converged.  Res a CL =  -1.99675560E-05  0.810087919       1.11527538    
 GVCALC: Not converged.  Res a CL =  -2.47955322E-05  0.689786255       1.22432232    
    0.000   8666.     13.052   53.37       12.12      0.1100E+051089.583 3504.6555   0.0029   0.0000   0.00000  0.4159E-02  0.3148E-02  17.5556   0.0000  0.3819E+07   0.000       1.0738   1.107    
    0.000   8666.     12.052   54.37       11.79      0.1070E+051059.955 3409.0833   0.0030   0.0000   0.00000  0.4236E-02  0.3063E-02  17.7178   0.0000  0.3613E+07   0.000       1.0916   1.076    
    0.000   8666.     11.052   55.34       11.46      0.1040E+051030.474 3313.9817   0.0030   0.0000   0.00000  0.4312E-02  0.2977E-02  17.8759   0.0000  0.3415E+07   0.000       1.1091   1.045    
 GVCALC: Not converged.  Res a CL =   1.50501728E-06   1.31262171      0.507395923    
 GVCALC: Not converged.  Res a CL =  -1.52587891E-05  0.886220872       1.03782570    
 GVCALC: Not converged.  Res a CL =  -1.73449516E-05  0.803179681       1.12198973    
    0.000   8666.     10.052   56.30       11.14      0.1011E+051001.172 3219.4592   0.0031   0.0000   0.00000  0.4386E-02  0.2892E-02  18.0298   0.0000  0.3223E+07   0.000       1.1262   1.013    
 GVCALC: Not converged.  Res a CL =  -2.56299973E-06   1.18765187      0.676985383    
 GVCALC: Not converged.  Res a CL =   1.86562538E-05  0.619046748       1.28027153    
    0.000   8666.      9.052   57.24       10.81       9811.     972.082 3125.6199   0.0032   0.0000   0.00000  0.4459E-02  0.2808E-02  18.1795   0.0000  0.3038E+07   0.000       1.1429  0.9825    
    0.000   8666.      8.052   58.16       10.49       9519.     943.236 3032.5676   0.0033   0.0000   0.00000  0.4531E-02  0.2724E-02  18.3251   0.0000  0.2860E+07   0.000       1.1592  0.9518    
 GVCALC: Not converged.  Res a CL =  -1.91926956E-05  0.571818709       1.31407619    
    0.000   8666.      7.052   59.06       10.17       9230.     914.666 2940.4072   0.0034   0.0000   0.00000  0.4601E-02  0.2641E-02  18.4667   0.0000  0.2689E+07   0.000       1.1751  0.9214    
 GVCALC: Not converged.  Res a CL =   1.32322311E-05  0.566072822       1.31799042    
    0.000   8666.      6.052   59.94       9.855       8943.     886.404 2849.2380   0.0035   0.0000   0.00000  0.4670E-02  0.2560E-02  18.6043   0.0000  0.2526E+07   0.000       1.1907  0.8912    
 GVCALC: Not converged.  Res a CL =  -1.35302544E-05  0.827495933       1.09812045    
 GVCALC: Not converged.  Res a CL =  -2.19941139E-05  0.548430085       1.32973671    
    0.000   8666.      5.052   60.80       9.544       8660.     858.480 2759.1621   0.0037   0.0000   0.00000  0.4738E-02  0.2479E-02  18.7378   0.0000  0.2369E+07   0.000       1.2059  0.8613    
    0.000   8666.      4.052   61.65       9.236       8381.     830.926 2670.2783   0.0038   0.0000   0.00000  0.4803E-02  0.2399E-02  18.8674   0.0000  0.2219E+07   0.000       1.2206  0.8317    
    0.000   8666.      3.052   62.47       8.933       8106.     803.771 2582.6829   0.0039   0.0000   0.00000  0.4867E-02  0.2320E-02  18.9930   0.0000  0.2076E+07   0.000       1.2350  0.8025    
 GVCALC: Not converged.  Res a CL =   1.64508820E-05  0.713063478       1.20455813    
 GVCALC: Not converged.  Res a CL =   2.75969505E-05  0.495543808       1.36245358    
    0.000   8666.      2.052   63.28       8.635       7836.     777.046 2496.4727   0.0040   0.0000   0.00000  0.4930E-02  0.2243E-02  19.1147   0.0000  0.1940E+07   0.000       1.2490  0.7737    
 GVCALC: Not converged.  Res a CL =   4.64916229E-06  0.945723891      0.973083794    
 GVCALC: Not converged.  Res a CL =  -1.80900097E-05  0.466092676       1.37902665    
    0.000   8666.      1.052   64.06       8.342       7570.     750.780 2411.7417   0.0042   0.0000   0.00000  0.4991E-02  0.2166E-02  19.2325   0.0000  0.1811E+07   0.000       1.2626  0.7453    
 GVCALC: Not converged.  Res a CL =  -1.33514404E-05  0.448495060       1.38835943    
    0.000   8666.      0.052   64.82       8.054       7309.     725.000 2328.5813   0.0043   0.0000   0.00000  0.5050E-02  0.2092E-02  19.3465   0.0000  0.1688E+07   0.000       1.2757  0.7174    
 GVCALC: Not converged.  Res a CL =  -1.84178352E-05  0.606814623       1.28930426    
 GVCALC: Not converged.  Res a CL =  -2.34842300E-05  0.442722559       1.39132738    
 GVCALC: Not converged.  Res a CL =  -3.88920307E-05  0.430906862       1.39725757    
    0.000   8666.     -0.948   65.56       7.772       7053.     699.735 2247.0828   0.0045   0.0000   0.00000  0.5108E-02  0.2018E-02  19.4565   0.0000  0.1572E+07   0.000       1.2885  0.6900    
 GVCALC: Not converged.  Res a CL =  -1.46627426E-05  0.413323015       1.40572155    
    0.000   8666.     -1.948   66.28       7.496       6802.     675.013 2167.3347   0.0046   0.0000   0.00000  0.5164E-02  0.1947E-02  19.5627   0.0000  0.1463E+07   0.000       1.3008  0.6631    
 GVCALC: Not converged.  Res a CL =   1.25169754E-05  0.395747900       1.41374719    
    0.000   8666.     -2.948   66.97       7.227       6558.     650.861 2089.4224   0.0048   0.0000   0.00000  0.5218E-02  0.1877E-02  19.6651   0.0000  0.1360E+07   0.000       1.3127  0.6367    
 GVCALC: Not converged.  Res a CL =   2.25305557E-05  0.389966309       1.41629183    
    0.000   8666.     -3.948   67.64       6.964       6319.     627.303 2013.4303   0.0050   0.0000   0.00000  0.5270E-02  0.1809E-02  19.7636   0.0000  0.1263E+07   0.000       1.3242  0.6109    
 GVCALC: Not converged.  Res a CL =   1.76429749E-05  0.372395426       1.42373478    
 GVCALC: Not converged.  Res a CL =   1.49607658E-05  0.360616088       1.42847848    
    0.000   8666.     -4.948   68.29       6.708       6087.     604.366 1939.4397   0.0052   0.0000   0.00000  0.5321E-02  0.1742E-02  19.8583   0.0000  0.1172E+07   0.000       1.3353  0.5858    
    0.000   8666.     -5.948   68.92       6.459       5861.     582.074 1867.5303   0.0054   0.0000   0.00000  0.5370E-02  0.1677E-02  19.9493   0.0000  0.1087E+07   0.000       1.3459  0.5612    
 GVCALC: Not converged.  Res a CL =  -8.58306885E-06  0.325514525       1.44143629    
    0.000   8666.     -6.948   69.52       6.217       5642.     560.451 1797.7792   0.0056   0.0000   0.00000  0.5417E-02  0.1615E-02  20.0364   0.0000  0.1008E+07   0.000       1.3561  0.5374    
 GVCALC: Not converged.  Res a CL =   1.61528587E-05  0.319727570       1.44340253    
    0.000   8666.     -7.948   70.10       5.984       5430.     539.521 1730.2609   0.0058   0.0000   0.00000  0.5462E-02  0.1554E-02  20.1198   0.0000  0.9335E+06   0.000       1.3659  0.5142    
 GVCALC: Not converged.  Res a CL =   5.86509705E-05  0.302183807       1.44906747    
    0.000   8666.     -8.948   70.66       5.758       5225.     519.304 1665.0474   0.0060   0.0000   0.00000  0.5505E-02  0.1495E-02  20.1994   0.0000  0.8647E+06   0.000       1.3753  0.4917    
 GVCALC: Not converged.  Res a CL =  -1.19805336E-05  0.272911251       1.45752609    
    0.000   8666.     -9.948   71.19       5.541       5028.     499.824 1602.2076   0.0063   0.0000   0.00000  0.5547E-02  0.1439E-02  20.2753   0.0000  0.8008E+06   0.000       1.3842  0.4699    
 GVCALC: Not converged.  Res a CL =  -2.58684158E-05  0.267122179       1.45905113    
 GVCALC: Not converged.  Res a CL =  -2.00569630E-05  0.255390167       1.46199203    
    0.000   8666.    -10.948   71.70       5.332       4838.     481.100 1541.8087   0.0065   0.0000   0.00000  0.5586E-02  0.1385E-02  20.3474   0.0000  0.7418E+06   0.000       1.3926  0.4489    
 GVCALC: Not converged.  Res a CL =   1.98483467E-05  0.249601573       1.46336877    
    0.000   8666.    -11.948   72.18       5.132       4657.     463.153 1483.9142   0.0068   0.0000   0.00000  0.5624E-02  0.1333E-02  20.4157   0.0000  0.6873E+06   0.000       1.4007  0.4287    
 GVCALC: Not converged.  Res a CL =   1.07586384E-05  0.220368832       1.46957207    
    0.000   8666.    -12.948   72.64       4.940       4483.     446.001 1428.5854   0.0070   0.0000   0.00000  0.5660E-02  0.1283E-02  20.4804   0.0000  0.6372E+06   0.000       1.4083  0.4093    
 GVCALC: Not converged.  Res a CL =   2.03251839E-05  0.214581341       1.47065139    
 GVCALC: Not converged.  Res a CL =  -4.13060188E-05  0.202870250       1.47268474    
    0.000   8666.    -13.948   73.07       4.758       4317.     429.662 1375.8796   0.0073   0.0000   0.00000  0.5693E-02  0.1236E-02  20.5413   0.0000  0.5912E+06   0.000       1.4154  0.3907    
 GVCALC: Not converged.  Res a CL =  -4.50015068E-06  0.700880885       1.21498406    
 GVCALC: Not converged.  Res a CL =   2.19345093E-05  0.293252438       1.45178032    
 GVCALC: Not converged.  Res a CL =   1.94311142E-05  0.197081059       1.47361529    
    0.000   8666.    -14.948   73.48       4.585       4160.     414.154 1325.8534   0.0076   0.0000   0.00000  0.5725E-02  0.1191E-02  20.5985   0.0000  0.5491E+06   0.000       1.4221  0.3730    
 GVCALC: Not converged.  Res a CL =  -1.18315220E-05  0.167890027       1.47755456    
    0.000   8666.    -15.948   73.86       4.421       4012.     399.492 1278.5573   0.0079   0.0000   0.00000  0.5755E-02  0.1148E-02  20.6519   0.0000  0.5108E+06   0.000       1.4284  0.3561    
    0.000   8666.    -16.948   74.22       4.267       3872.     385.692 1234.0406   0.0081   0.0000   0.00000  0.5783E-02  0.1108E-02  20.7017   0.0000  0.4760E+06   0.000       1.4342  0.3400    
 GVCALC: Not converged.  Res a CL =   2.26497650E-05  0.203800187       1.47253060    
    0.000   8666.    -17.948   74.55       4.123       3741.     372.768 1192.3497   0.0084   0.0000   0.00000  0.5808E-02  0.1071E-02  20.7477   0.0000  0.4445E+06   0.000       1.4395  0.3249    
    0.000   8666.    -18.948   74.85       3.988       3619.     360.733 1153.5266   0.0087   0.0000   0.00000  0.5832E-02  0.1036E-02  20.7901   0.0000  0.4161E+06   0.000       1.4445  0.3107    
 GVCALC: Not converged.  Res a CL =  -1.78813934E-05  0.109691158       1.48164916    
 GVCALC: Not converged.  Res a CL =  -1.09672546E-05   9.80117619E-02   1.48186648    
    0.000   8666.    -19.948   75.13       3.864       3507.     349.599 1117.6110   0.0090   0.0000   0.00000  0.5854E-02  0.1004E-02  20.8288   0.0000  0.3907E+06   0.000       1.4489  0.2974    
    0.000   8666.    -20.948   75.38       3.750       3403.     339.378 1084.6396   0.0092   0.0000   0.00000  0.5873E-02  0.9739E-03  20.8637   0.0000  0.3681E+06   0.000       1.4529  0.2850    
 GVCALC: Not converged.  Res a CL =  -1.84178352E-05   7.61419088E-02   1.39530647    
    0.000   8666.    -21.948   75.04       3.543       3215.     320.849 1024.8682   0.0098   0.0000   0.00000  0.5847E-02  0.9202E-03  20.8166   0.0000  0.3288E+06   0.000       1.4454  0.2673    
 GVCALC: Not converged.  Res a CL =  -2.47359276E-05   6.07582144E-02   1.26723826    
    0.000   8666.    -22.948   73.69       3.247       2947.     294.329  939.3216   0.0107   0.0000   0.00000  0.5741E-02  0.8434E-03  20.6272   0.0000  0.2765E+06   0.000       1.4182  0.2447    
    0.000   8666.    -23.948   71.60       2.934       2663.     266.275  848.8248   0.0118   0.0000   0.00000  0.5578E-02  0.7620E-03  20.3330   0.0000  0.2260E+06   0.000       1.3771  0.2214    
 GVCALC: Not converged.  Res a CL =   2.45720148E-05   1.89761389E-02  0.968908548    
    0.000   8666.    -24.948   69.03       2.628       2385.     238.822  760.2659   0.0131   0.0000   0.00000  0.5378E-02  0.6825E-03  19.9652   0.0000  0.1816E+06   0.000       1.3268  0.1990    
 GVCALC: Not converged.  Res a CL =   1.34259462E-05   3.87447327E-03  0.836293161    
    0.000   8666.    -25.948   66.06       2.340       2124.     213.070  677.1946   0.0147   0.0000   0.00000  0.5147E-02  0.6078E-03  19.5304   0.0000  0.1443E+06   0.000       1.2689  0.1781    
 GVCALC: Not converged.  Res a CL =   2.81184912E-05  -1.11150835E-02  0.704633474    
    0.000   8666.    -26.948   62.74       2.082       1889.     189.901  602.4567   0.0165   0.0000   0.00000  0.4889E-02  0.5407E-03  19.0343   0.0000  0.1144E+06   0.000       1.2045  0.1593    
 GVCALC: Not converged.  Res a CL =  -3.27825546E-05  -2.59662494E-02  0.574162722    
    0.000   8666.    -27.948   59.16       1.857       1685.     169.788  537.5759   0.0185   0.0000   0.00000  0.4609E-02  0.4824E-03  18.4825   0.0000  0.9127E+05   0.000       1.1351  0.1430    
 GVCALC: Not converged.  Res a CL =   1.98483467E-05  0.117375933       1.31895864    
 GVCALC: Not converged.  Res a CL =   3.64184380E-05  -2.96405461E-02  0.514108837    
 GVCALC: Not converged.  Res a CL =  -1.76355243E-05  -4.06411588E-02  0.445215404    
    0.000   8666.    -28.948   55.36       1.664       1510.     152.425  481.5661   0.0206   0.0000   0.00000  0.4313E-02  0.4320E-03  17.8793   0.0000  0.7340E+05   0.000       1.0617  0.1290    
    0.000   8666.    -29.948   51.40       1.497       1359.     137.521  433.4893   0.0228   0.0000   0.00000  0.4005E-02  0.3888E-03  17.2286   0.0000  0.5961E+05   0.000       0.9855  0.1171    
 GVCALC: Not converged.  Res a CL =   1.42902136E-05  -4.62608486E-02  0.358673722    
 GVCALC: Not converged.  Res a CL =   1.13025308E-05  -5.83452061E-02  0.274780482    
 GVCALC: Not converged.  Res a CL =   6.58258796E-06  -6.91340864E-02  0.194786519    
    0.000   8666.    -30.948   47.30       1.364       1238.     125.599  395.0304   0.0249   0.0000   0.00000  0.3685E-02  0.3543E-03  16.5259   0.0000  0.4962E+05   0.000       0.9065  0.1081    
 GVCALC: Not converged.  Res a CL =   3.29017639E-05  -7.20014274E-02  0.160892755    
 GVCALC: Not converged.  Res a CL =  -3.07261944E-05  -8.24686363E-02   7.75619224E-02
    0.000   8666.    -31.948   43.08       1.240       1125.     114.469  359.1281   0.0274   0.0000   0.00000  0.3357E-02  0.3220E-03  15.7728   0.0000  0.4111E+05   0.000       0.8256  0.9927E-01
 GVCALC: Not converged.  Res a CL =  -1.36494637E-05  -4.72967774E-02  0.324533343    
 GVCALC: Not converged.  Res a CL =  -3.31848860E-05  -8.45299214E-02   5.63954301E-02
 GVCALC: Not converged.  Res a CL =   2.90815588E-02  -9.88291278E-02  -6.62777647E-02
    0.000   8666.    -32.948   38.82       1.140       1034.     105.477  330.1219   0.0297   0.0000   0.00000  0.3024E-02  0.2959E-03  14.9714   0.0000  0.3482E+05   0.000       0.7437  0.9215E-01
 GVCALC: Not converged.  Res a CL =   2.49743462E-05  -3.08629647E-02  0.419081151    
 GVCALC: Not converged.  Res a CL =  0.191187426     -0.114102773      -6.61791041E-02
 GVCALC: Not converged.  Res a CL =   2.95271203E-02 -0.116384417      -6.61474690E-02
    0.000   8666.    -33.948   34.69       1.115       1012.     103.259  322.9644   0.0303   0.0000   0.00000  0.2703E-02  0.2895E-03  14.1527   0.0000  0.3335E+05   0.000       0.6647  0.9063E-01
 GVCALC: Not converged.  Res a CL =  -1.26063824E-05  -4.46087196E-02  0.323772669    
 GVCALC: Not converged.  Res a CL =  0.220091403     -0.116215028      -6.61498308E-02
 GVCALC: Not converged.  Res a CL =   5.21978624E-02 -0.119699039      -6.61009029E-02
 GVCALC: Not converged.  Res a CL =   2.95187756E-02 -0.133848608      -6.58939779E-02
    0.000   8666.    -34.948   30.83       1.086       985.2     100.657  314.5719   0.0311   0.0000   0.00000  0.2402E-02  0.2820E-03  13.3425   0.0000  0.3166E+05   0.000       0.5908  0.8839E-01
