
 Motor file not found:  MotorFile                                       
 Default motor used  :  Speed-400 3321 (6V) direct drive                                                

# QPROP Version 1.22
# 
# Test-clarky.mat                                                                 
# 
# Speed-400 3321 (6V) direct drive                                                
#   0.31000     R  (Ohm)                        
#   0.77000     Io (Amp)                        
#    2760.0     Kv (rpm/Volt)                   
# 
#   rho =  1.0555     kg/m^3
#   mu  = 0.17000E-04 kg/m-s
#   a   =  334.39     m/s   
# 
#  1         2        3          4          5         6            7         8       9        10        11        12          13        14        15      16          17           18      19
# 
#  V(m/s)    rpm      Dbeta      T(N)       Q(N-m)    Pshaft(W)    Volts     Amps    effmot   effprop   adv       CT          CP        DV(m/s)   eff     Pelec       Pprop        cl_avg  cd_avg
    0.000   1916.     53.841  0.1552E+05  0.2481E+05  0.4979E+07******************   0.0000   0.0000   0.00000  0.4595E-01  0.4896E-01  64.5097   0.0000  0.1595E+14   0.000       1.0807   1.060    
    0.000   1916.     52.841  0.1601E+05  0.2417E+05  0.4849E+07******************   0.0000   0.0000   0.00000  0.4737E-01  0.4769E-01  65.5041   0.0000  0.1513E+14   0.000       1.1005   1.021    
    0.000   1916.     51.841  0.1648E+05  0.2353E+05  0.4720E+07******************   0.0000   0.0000   0.00000  0.4878E-01  0.4642E-01  66.4703   0.0000  0.1433E+14   0.000       1.1198  0.9824    
    0.000   1916.     50.841  0.1695E+05  0.2289E+05  0.4592E+07******************   0.0000   0.0000   0.00000  0.5017E-01  0.4516E-01  67.4090   0.0000  0.1357E+14   0.000       1.1387  0.9437    
    0.000   1916.     49.841  0.1741E+05  0.2226E+05  0.4465E+07******************   0.0000   0.0000   0.00000  0.5154E-01  0.4391E-01  68.3204   0.0000  0.1283E+14   0.000       1.1570  0.9052    
    0.000   1916.     48.841  0.1787E+05  0.2163E+05  0.4340E+07******************   0.0000   0.0000   0.00000  0.5288E-01  0.4268E-01  69.2048   0.0000  0.1212E+14   0.000       1.1748  0.8671    
    0.000   1916.     47.841  0.1831E+05  0.2101E+05  0.4215E+07******************   0.0000   0.0000   0.00000  0.5420E-01  0.4145E-01  70.0627   0.0000  0.1143E+14   0.000       1.1921  0.8294    
    0.000   1916.     46.841  0.1875E+05  0.2040E+05  0.4092E+07******************   0.0000   0.0000   0.00000  0.5549E-01  0.4024E-01  70.8943   0.0000  0.1077E+14   0.000       1.2089  0.7921    
    0.000   1916.     45.841  0.1918E+05  0.1979E+05  0.3971E+07******************   0.0000   0.0000   0.00000  0.5676E-01  0.3905E-01  71.6998   0.0000  0.1014E+14   0.000       1.2252  0.7552    
    0.000   1916.     44.841  0.1960E+05  0.1920E+05  0.3851E+07******************   0.0000   0.0000   0.00000  0.5800E-01  0.3787E-01  72.4796   0.0000  0.9542E+13   0.000       1.2409  0.7189    
    0.000   1916.     43.841  0.2001E+05  0.1861E+05  0.3734E+07******************   0.0000   0.0000   0.00000  0.5921E-01  0.3672E-01  73.2338   0.0000  0.8967E+13   0.000       1.2562  0.6831    
    0.000   1916.     42.841  0.2041E+05  0.1803E+05  0.3618E+07******************   0.0000   0.0000   0.00000  0.6040E-01  0.3558E-01  73.9626   0.0000  0.8421E+13   0.000       1.2709  0.6479    
    0.000   1916.     41.841  0.2080E+05  0.1747E+05  0.3504E+07******************   0.0000   0.0000   0.00000  0.6155E-01  0.3446E-01  74.6663   0.0000  0.7901E+13   0.000       1.2852  0.6134    
    0.000   1916.     40.841  0.2118E+05  0.1691E+05  0.3393E+07******************   0.0000   0.0000   0.00000  0.6268E-01  0.3337E-01  75.3451   0.0000  0.7408E+13   0.000       1.2989  0.5796    
    0.000   1916.     39.841  0.2155E+05  0.1637E+05  0.3285E+07******************   0.0000   0.0000   0.00000  0.6377E-01  0.3230E-01  75.9990   0.0000  0.6940E+13   0.000       1.3121  0.5465    
    0.000   1916.     38.841  0.2190E+05  0.1584E+05  0.3178E+07******************   0.0000   0.0000   0.00000  0.6483E-01  0.3126E-01  76.6283   0.0000  0.6499E+13   0.000       1.3248  0.5142    
    0.000   1916.     37.841  0.2225E+05  0.1533E+05  0.3075E+07******************   0.0000   0.0000   0.00000  0.6586E-01  0.3024E-01  77.2332   0.0000  0.6082E+13   0.000       1.3370  0.4827    
    0.000   1916.     36.841  0.2259E+05  0.1482E+05  0.2974E+07******************   0.0000   0.0000   0.00000  0.6685E-01  0.2925E-01  77.8137   0.0000  0.5690E+13   0.000       1.3487  0.4521    
    0.000   1916.     35.841  0.2291E+05  0.1434E+05  0.2876E+07******************   0.0000   0.0000   0.00000  0.6781E-01  0.2828E-01  78.3700   0.0000  0.5322E+13   0.000       1.3599  0.4223    
    0.000   1916.     34.841  0.2322E+05  0.1386E+05  0.2781E+07******************   0.0000   0.0000   0.00000  0.6874E-01  0.2735E-01  78.9023   0.0000  0.4976E+13   0.000       1.3706  0.3934    
    0.000   1916.     33.841  0.2352E+05  0.1340E+05  0.2689E+07******************   0.0000   0.0000   0.00000  0.6962E-01  0.2645E-01  79.4106   0.0000  0.4652E+13   0.000       1.3808  0.3655    
    0.000   1916.     32.841  0.2381E+05  0.1296E+05  0.2600E+07******************   0.0000   0.0000   0.00000  0.7048E-01  0.2557E-01  79.8952   0.0000  0.4350E+13   0.000       1.3905  0.3385    
    0.000   1916.     31.841  0.2409E+05  0.1253E+05  0.2515E+07******************   0.0000   0.0000   0.00000  0.7129E-01  0.2473E-01  80.3561   0.0000  0.4068E+13   0.000       1.3996  0.3125    
    0.000   1916.     30.841  0.2435E+05  0.1212E+05  0.2432E+07******************   0.0000   0.0000   0.00000  0.7207E-01  0.2392E-01  80.7935   0.0000  0.3806E+13   0.000       1.4083  0.2876    
    0.000   1916.     29.841  0.2460E+05  0.1173E+05  0.2353E+07******************   0.0000   0.0000   0.00000  0.7281E-01  0.2314E-01  81.2075   0.0000  0.3562E+13   0.000       1.4165  0.2637    
    0.000   1916.     28.841  0.2484E+05  0.1135E+05  0.2277E+07******************   0.0000   0.0000   0.00000  0.7351E-01  0.2240E-01  81.5982   0.0000  0.3337E+13   0.000       1.4242  0.2408    
    0.000   1916.     27.841  0.2506E+05  0.1099E+05  0.2205E+07******************   0.0000   0.0000   0.00000  0.7418E-01  0.2169E-01  81.9657   0.0000  0.3129E+13   0.000       1.4314  0.2191    
    0.000   1916.     26.841  0.2527E+05  0.1065E+05  0.2137E+07******************   0.0000   0.0000   0.00000  0.7480E-01  0.2101E-01  82.3102   0.0000  0.2937E+13   0.000       1.4381  0.1984    
    0.000   1916.     25.841  0.2547E+05  0.1032E+05  0.2072E+07******************   0.0000   0.0000   0.00000  0.7539E-01  0.2037E-01  82.6318   0.0000  0.2761E+13   0.000       1.4443  0.1789    
    0.000   1916.     24.841  0.2566E+05  0.1002E+05  0.2010E+07******************   0.0000   0.0000   0.00000  0.7593E-01  0.1977E-01  82.9305   0.0000  0.2599E+13   0.000       1.4500  0.1605    
    0.000   1916.     23.841  0.2583E+05   9730.      0.1952E+07******************   0.0000   0.0000   0.00000  0.7644E-01  0.1920E-01  83.2066   0.0000  0.2452E+13   0.000       1.4553  0.1432    
    0.000   1916.     22.841  0.2598E+05   9460.      0.1898E+07******************   0.0000   0.0000   0.00000  0.7691E-01  0.1867E-01  83.4601   0.0000  0.2318E+13   0.000       1.4600  0.1272    
    0.000   1916.     21.841  0.2613E+05   9208.      0.1848E+07******************   0.0000   0.0000   0.00000  0.7734E-01  0.1817E-01  83.6962   0.0000  0.2196E+13   0.000       1.4643  0.1120    
    0.000   1916.     20.841  0.2627E+05   8970.      0.1800E+07******************   0.0000   0.0000   0.00000  0.7774E-01  0.1770E-01  83.9127   0.0000  0.2084E+13   0.000       1.4674  0.9754E-01
    0.000   1916.     19.841  0.2638E+05   8741.      0.1754E+07******************   0.0000   0.0000   0.00000  0.7808E-01  0.1725E-01  84.0920   0.0000  0.1979E+13   0.000       1.4688  0.8393E-01
    0.000   1916.     18.841  0.2645E+05   8516.      0.1709E+07******************   0.0000   0.0000   0.00000  0.7830E-01  0.1680E-01  84.2105   0.0000  0.1878E+13   0.000       1.4676  0.7130E-01
    0.000   1916.     17.841  0.2647E+05   8288.      0.1663E+07******************   0.0000   0.0000   0.00000  0.7834E-01  0.1635E-01  84.2352   0.0000  0.1779E+13   0.000       1.4626  0.5980E-01
    0.000   1916.     16.841  0.2640E+05   8049.      0.1615E+07******************   0.0000   0.0000   0.00000  0.7814E-01  0.1588E-01  84.1294   0.0000  0.1678E+13   0.000       1.4526  0.4958E-01
    0.000   1916.     15.841  0.2623E+05   7793.      0.1564E+07******************   0.0000   0.0000   0.00000  0.7764E-01  0.1538E-01  83.8568   0.0000  0.1573E+13   0.000       1.4365  0.4073E-01
    0.000   1916.     14.841  0.2593E+05   7513.      0.1507E+07******************   0.0000   0.0000   0.00000  0.7676E-01  0.1482E-01  83.3792   0.0000  0.1462E+13   0.000       1.4133  0.3333E-01
    0.000   1916.     13.841  0.2548E+05   7201.      0.1445E+07******************   0.0000   0.0000   0.00000  0.7543E-01  0.1421E-01  82.6527   0.0000  0.1343E+13   0.000       1.3816  0.2738E-01
    0.000   1916.     12.841  0.2485E+05   6833.      0.1371E+07******************   0.0000   0.0000   0.00000  0.7356E-01  0.1348E-01  81.6216   0.0000  0.1209E+13   0.000       1.3400  0.2230E-01
    0.000   1916.     11.841  0.2401E+05   6422.      0.1288E+07******************   0.0000   0.0000   0.00000  0.7106E-01  0.1267E-01  80.2227   0.0000  0.1068E+13   0.000       1.2871  0.1913E-01
    0.000   1916.     10.841  0.2297E+05   5949.      0.1194E+07******************   0.0000   0.0000   0.00000  0.6797E-01  0.1174E-01  78.4644   0.0000  0.9165E+12   0.000       1.2240  0.1668E-01
    0.000   1916.      9.841  0.2182E+05   5446.      0.1093E+07******************   0.0000   0.0000   0.00000  0.6457E-01  0.1075E-01  76.4732   0.0000  0.7680E+12   0.000       1.1556  0.1456E-01
    0.000   1916.      8.841  0.2064E+05   4956.      0.9943E+06******************   0.0000   0.0000   0.00000  0.6109E-01  0.9779E-02  74.3869   0.0000  0.6361E+12   0.000       1.0868  0.1271E-01
    0.000   1916.      7.841  0.1946E+05   4490.      0.9009E+06******************   0.0000   0.0000   0.00000  0.5761E-01  0.8859E-02  72.2319   0.0000  0.5221E+12   0.000       1.0188  0.1118E-01
    0.000   1916.      6.841  0.1828E+05   4049.      0.8123E+06******************   0.0000   0.0000   0.00000  0.5411E-01  0.7989E-02  70.0049   0.0000  0.4245E+12   0.000       0.9515  0.9965E-02
    0.000   1916.      5.841  0.1710E+05   3633.      0.7288E+06******************   0.0000   0.0000   0.00000  0.5061E-01  0.7168E-02  67.7021   0.0000  0.3417E+12   0.000       0.8850  0.9046E-02
    0.000   1916.      4.841  0.1592E+05   3242.      0.6505E+06******************   0.0000   0.0000   0.00000  0.4711E-01  0.6397E-02  65.3195   0.0000  0.2722E+12   0.000       0.8195  0.8415E-02
    0.000   1916.      3.841  0.1474E+05   2878.      0.5774E+06******************   0.0000   0.0000   0.00000  0.4362E-01  0.5678E-02  62.8523   0.0000  0.2145E+12   0.000       0.7548  0.8062E-02
    0.000   1916.      2.841  0.1356E+05   2540.      0.5096E+06******************   0.0000   0.0000   0.00000  0.4014E-01  0.5012E-02  60.2956   0.0000  0.1671E+12   0.000       0.6913  0.7963E-02
    0.000   1916.      1.841  0.1240E+05   2228.      0.4470E+06******************   0.0000   0.0000   0.00000  0.3669E-01  0.4396E-02  57.6442   0.0000  0.1285E+12   0.000       0.6288  0.8035E-02
    0.000   1916.      0.841  0.1124E+05   1939.      0.3891E+06******************   0.0000   0.0000   0.00000  0.3327E-01  0.3826E-02  54.8922   0.0000  0.9737E+11   0.000       0.5677  0.8169E-02
    0.000   1916.     -0.159  0.1010E+05   1674.      0.3358E+06******************   0.0000   0.0000   0.00000  0.2989E-01  0.3302E-02  52.0326   0.0000  0.7254E+11   0.000       0.5078  0.8333E-02
    0.000   1916.     -1.159   8978.       1432.      0.2873E+06******************   0.0000   0.0000   0.00000  0.2657E-01  0.2826E-02  49.0569   0.0000  0.5311E+11   0.000       0.4496  0.8523E-02
    0.000   1916.     -2.159   7879.       1215.      0.2437E+06******************   0.0000   0.0000   0.00000  0.2332E-01  0.2397E-02  45.9560   0.0000  0.3821E+11   0.000       0.3930  0.8735E-02
    0.000   1916.     -3.159   6808.       1022.      0.2050E+06******************   0.0000   0.0000   0.00000  0.2015E-01  0.2016E-02  42.7200   0.0000  0.2704E+11   0.000       0.3384  0.8965E-02
    0.000   1916.     -4.159   5773.       854.1      0.1714E+06******************   0.0000   0.0000   0.00000  0.1709E-01  0.1685E-02  39.3391   0.0000  0.1889E+11   0.000       0.2860  0.9207E-02
    0.000   1916.     -5.159   4783.       711.5      0.1427E+06******************   0.0000   0.0000   0.00000  0.1415E-01  0.1404E-02  35.8052   0.0000  0.1311E+11   0.000       0.2363  0.9456E-02
    0.000   1916.     -6.159   3848.       594.0      0.1192E+06******************   0.0000   0.0000   0.00000  0.1139E-01  0.1172E-02  32.1176   0.0000  0.9138E+10   0.000       0.1897  0.9703E-02
