
 Motor file not found:  MotorFile                                       
 Default motor used  :  Speed-400 3321 (6V) direct drive                                                

# QPROP Version 1.22
# 
# Test-clarkysmoothAF.mat                                                         
# 
# Speed-400 3321 (6V) direct drive                                                
#   0.31000     R  (Ohm)                        
#   0.77000     Io (Amp)                        
#    2760.0     Kv (rpm/Volt)                   
# 
#   rho =  1.0239     kg/m^3
#   mu  = 0.17000E-04 kg/m-s
#   a   =  333.20     m/s   
# 
#  1         2        3          4          5         6            7         8       9        10        11        12          13        14        15      16          17           18      19
# 
#  V(m/s)    rpm      Dbeta      T(N)       Q(N-m)    Pshaft(W)    Volts     Amps    effmot   effprop   adv       CT          CP        DV(m/s)   eff     Pelec       Pprop        cl_avg  cd_avg
   79.738   972.1     17.329  0.1080E+05  0.1489E+05  0.1516E+07******************   0.0000   0.5678   0.51534  0.1213      0.1101      16.5081   0.0000  0.5744E+13  0.8608E+06   1.5481  0.2107    
   79.738   972.1     16.329  0.1099E+05  0.1479E+05  0.1505E+07******************   0.0000   0.5823   0.51534  0.1236      0.1094      16.7845   0.0000  0.5664E+13  0.8766E+06   1.5551  0.1919    
   79.738   972.1     15.329  0.1118E+05  0.1469E+05  0.1495E+07******************   0.0000   0.5961   0.51534  0.1257      0.1086      17.0429   0.0000  0.5588E+13  0.8914E+06   1.5616  0.1742    
   79.738   972.1     14.329  0.1135E+05  0.1460E+05  0.1486E+07******************   0.0000   0.6092   0.51534  0.1276      0.1079      17.2834   0.0000  0.5517E+13  0.9052E+06   1.5675  0.1576    
   79.738   972.1     13.329  0.1151E+05  0.1451E+05  0.1477E+07******************   0.0000   0.6216   0.51534  0.1294      0.1073      17.5059   0.0000  0.5451E+13  0.9180E+06   1.5729  0.1422    
   79.738   972.1     12.329  0.1166E+05  0.1443E+05  0.1469E+07******************   0.0000   0.6331   0.51534  0.1311      0.1067      17.7104   0.0000  0.5389E+13  0.9298E+06   1.5779  0.1279    
   79.738   972.1     11.329  0.1180E+05  0.1435E+05  0.1461E+07******************   0.0000   0.6439   0.51534  0.1326      0.1061      17.8970   0.0000  0.5333E+13  0.9406E+06   1.5823  0.1148    
   79.738   972.1     10.329  0.1192E+05  0.1428E+05  0.1454E+07******************   0.0000   0.6538   0.51534  0.1340      0.1056      18.0656   0.0000  0.5281E+13  0.9503E+06   1.5862  0.1028    
   79.738   972.1      9.329  0.1208E+05  0.1417E+05  0.1443E+07******************   0.0000   0.6674   0.51534  0.1357      0.1048      18.2815   0.0000  0.5201E+13  0.9629E+06   1.5891  0.8628E-01
   79.738   972.1      8.329  0.1210E+05  0.1380E+05  0.1405E+07******************   0.0000   0.6868   0.51534  0.1361      0.1021      18.3207   0.0000  0.4935E+13  0.9651E+06   1.5664  0.6599E-01
   79.738   972.1      7.329  0.1179E+05  0.1296E+05  0.1319E+07******************   0.0000   0.7129   0.51534  0.1326      0.9583E-01  17.8938   0.0000  0.4348E+13  0.9404E+06   1.4996  0.4579E-01
   79.738   972.1      6.329  0.1130E+05  0.1216E+05  0.1238E+07******************   0.0000   0.7277   0.51534  0.1270      0.8996E-01  17.2117   0.0000  0.3832E+13  0.9011E+06   1.4216  0.3848E-01
   79.738   972.1      5.329  0.1077E+05  0.1137E+05  0.1157E+07******************   0.0000   0.7419   0.51534  0.1210      0.8408E-01  16.4706   0.0000  0.3347E+13  0.8586E+06   1.3412  0.3275E-01
   79.738   972.1      4.329  0.1022E+05  0.1058E+05  0.1077E+07******************   0.0000   0.7566   0.51534  0.1148      0.7822E-01  15.6947   0.0000  0.2897E+13  0.8146E+06   1.2594  0.2733E-01
   79.738   972.1      3.329   9639.       9790.      0.9965E+06******************   0.0000   0.7712   0.51534  0.1083      0.7240E-01  14.8775   0.0000  0.2482E+13  0.7686E+06   1.1761  0.2264E-01
   79.738   972.1      2.329   9042.       9012.      0.9174E+06******************   0.0000   0.7859   0.51534  0.1016      0.6665E-01  14.0253   0.0000  0.2103E+13  0.7210E+06   1.0922  0.1860E-01
   79.738   972.1      1.329   8431.       8248.      0.8396E+06******************   0.0000   0.8006   0.51534  0.9477E-01  0.6100E-01  13.1434   0.0000  0.1762E+13  0.6722E+06   1.0085  0.1518E-01
   79.738   972.1      0.329   7806.       7499.      0.7633E+06******************   0.0000   0.8154   0.51534  0.8774E-01  0.5545E-01  12.2335   0.0000  0.1456E+13  0.6224E+06   0.9251  0.1228E-01
   79.738   972.1     -0.671   7168.       6764.      0.6885E+06******************   0.0000   0.8301   0.51534  0.8057E-01  0.5002E-01  11.2953   0.0000  0.1185E+13  0.5715E+06   0.8420  0.9874E-02
   79.738   972.1     -1.671   6517.       6044.      0.6153E+06******************   0.0000   0.8446   0.51534  0.7326E-01  0.4470E-01  10.3286   0.0000  0.9461E+12  0.5197E+06   0.7592  0.7973E-02
   79.738   972.1     -2.671   5854.       5341.      0.5436E+06******************   0.0000   0.8587   0.51534  0.6581E-01  0.3949E-01   9.3333   0.0000  0.7386E+12  0.4668E+06   0.6767  0.6568E-02
   79.738   972.1     -3.671   5180.       4653.      0.4737E+06******************   0.0000   0.8721   0.51534  0.5823E-01  0.3441E-01   8.3091   0.0000  0.5607E+12  0.4131E+06   0.5946  0.5652E-02
   79.738   972.1     -4.671   4495.       3983.      0.4054E+06******************   0.0000   0.8842   0.51534  0.5053E-01  0.2945E-01   7.2559   0.0000  0.4107E+12  0.3585E+06   0.5129  0.5219E-02
   79.738   972.1     -5.671   3801.       3329.      0.3388E+06******************   0.0000   0.8944   0.51534  0.4272E-01  0.2462E-01   6.1744   0.0000  0.2869E+12  0.3030E+06   0.4315  0.5178E-02
   79.738   972.1     -6.671   3098.       2690.      0.2738E+06******************   0.0000   0.9021   0.51534  0.3482E-01  0.1989E-01   5.0663   0.0000  0.1873E+12  0.2470E+06   0.3505  0.5360E-02
   79.738   972.1     -7.671   2388.       2067.      0.2104E+06******************   0.0000   0.9050   0.51534  0.2684E-01  0.1528E-01   3.9321   0.0000  0.1106E+12  0.1904E+06   0.2700  0.5717E-02
   79.738   972.1     -8.671   1671.       1459.      0.1486E+06******************   0.0000   0.8969   0.51534  0.1878E-01  0.1079E-01   2.7716   0.0000  0.5516E+11  0.1332E+06   0.1898  0.6242E-02
   79.738   972.1     -9.671   948.5       868.9      0.8845E+05******************   0.0000   0.8551   0.51534  0.1066E-01  0.6426E-02   1.5848   0.0000  0.1955E+11  0.7563E+05   0.1102  0.6931E-02
   79.738   972.1    -10.671   220.7       295.5      0.3008E+05********85418.5156   0.0000   0.5849   0.51534  0.2481E-02  0.2186E-02   0.3715   0.0000  0.2262E+10  0.1760E+05   0.0310  0.7781E-02
   79.738   972.1    -11.671  -511.8      -260.2     -0.2649E+05******************  -0.0000   1.5406   0.51534 -0.5753E-02 -0.1924E-02  -0.8684  -0.0000  0.1754E+10 -0.4081E+05  -0.0477  0.8790E-02
   79.738   972.1    -12.671  -1248.      -797.9     -0.8122E+05******************  -0.0000   1.2255   0.51534 -0.1403E-01 -0.5900E-02  -2.1351  -0.0000  0.1648E+11 -0.9954E+05  -0.1258  0.9955E-02
   79.738   972.1    -13.671  -1988.      -1317.     -0.1341E+06******************  -0.0000   1.1826   0.51534 -0.2235E-01 -0.9739E-02  -3.4287  -0.0000  0.4491E+11 -0.1585E+06  -0.2034  0.1127E-01
   79.738   972.1    -14.671  -2730.      -1817.     -0.1849E+06******************  -0.0000   1.1773   0.51534 -0.3069E-01 -0.1344E-01  -4.7492  -0.0000  0.8547E+11 -0.2177E+06  -0.2804  0.1274E-01
   79.738   972.1    -15.671  -3475.      -2297.     -0.2338E+06******************  -0.0000   1.1850   0.51534 -0.3906E-01 -0.1699E-01  -6.0967  -0.0000  0.1366E+12 -0.2771E+06  -0.3568  0.1435E-01
   79.738   972.1    -16.671  -4220.      -2757.     -0.2806E+06******************  -0.0000   1.1990   0.51534 -0.4743E-01 -0.2039E-01  -7.4710  -0.0000  0.1968E+12 -0.3365E+06  -0.4326  0.1610E-01
   79.738   972.1    -17.671  -4965.      -3196.     -0.3254E+06******************  -0.0000   1.2168   0.51534 -0.5581E-01 -0.2364E-01  -8.8723  -0.0000  0.2646E+12 -0.3959E+06  -0.5077  0.1800E-01
   79.738   972.1    -18.671  -5710.      -3614.     -0.3679E+06******************  -0.0000   1.2374   0.51534 -0.6418E-01 -0.2673E-01 -10.3004  -0.0000  0.3383E+12 -0.4553E+06  -0.5820  0.2002E-01
   79.738   972.1    -19.671  -6453.      -4010.     -0.4082E+06******************  -0.0000   1.2607   0.51534 -0.7254E-01 -0.2965E-01 -11.7571  -0.0000  0.4164E+12 -0.5146E+06  -0.6554  0.2236E-01
   79.738   972.1    -20.671  -7194.      -4378.     -0.4456E+06******************  -0.0000   1.2872   0.51534 -0.8086E-01 -0.3237E-01 -13.2382  -0.0000  0.4962E+12 -0.5736E+06  -0.7270  0.2534E-01
   79.738   972.1    -21.671  -7925.      -4712.     -0.4796E+06******************  -0.0000   1.3175   0.51534 -0.8908E-01 -0.3484E-01 -14.7341  -0.0000  0.5749E+12 -0.6319E+06  -0.7960  0.2917E-01
   79.738   972.1    -22.671  -8643.      -5005.     -0.5095E+06******************  -0.0000   1.3528   0.51534 -0.9716E-01 -0.3701E-01 -16.2393  -0.0000  0.6486E+12 -0.6892E+06  -0.8620  0.3437E-01
   79.738   972.1    -23.671  -9299.      -5003.     -0.5093E+06******************  -0.0000   1.4561   0.51534 -0.1045     -0.3700E-01 -17.6450  -0.0000  0.6481E+12 -0.7415E+06  -0.9156  0.5398E-01
   79.738   972.1    -24.671  -9787.      -4890.     -0.4978E+06******************  -0.0000   1.5678   0.51534 -0.1100     -0.3616E-01 -18.7112  -0.0000  0.6192E+12 -0.7804E+06  -0.9506  0.7697E-01
   79.738   972.1    -25.671 -0.1012E+05  -4640.     -0.4723E+06******************  -0.0000   1.7089   0.51534 -0.1138     -0.3431E-01 -19.4540  -0.0000  0.5575E+12 -0.8071E+06  -0.9658  0.1071    
   79.738   972.1    -26.671 -0.1026E+05  -4307.     -0.4384E+06******************  -0.0000   1.8657   0.51534 -0.1153     -0.3185E-01 -19.7595  -0.0000  0.4804E+12 -0.8180E+06  -0.9606  0.1382    
   79.738   972.1    -27.671 -0.1031E+05  -4106.     -0.4180E+06******************  -0.0000   1.9662   0.51534 -0.1159     -0.3036E-01 -19.8668  -0.0000  0.4366E+12 -0.8218E+06  -0.9557  0.1547    
   79.738   972.1    -28.671 -0.1036E+05  -3890.     -0.3960E+06******************  -0.0000   2.0856   0.51534 -0.1164     -0.2877E-01 -19.9829  -0.0000  0.3919E+12 -0.8259E+06  -0.9503  0.1725    
   79.738   972.1    -29.671 -0.1041E+05  -3661.     -0.3726E+06******************  -0.0000   2.2283   0.51534 -0.1171     -0.2707E-01 -20.1080  -0.0000  0.3470E+12 -0.8303E+06  -0.9447  0.1914    
   79.738   972.1    -30.671 -0.1047E+05  -3417.     -0.3478E+06******************  -0.0000   2.4008   0.51534 -0.1177     -0.2527E-01 -20.2419  -0.0000  0.3024E+12 -0.8351E+06  -0.9388  0.2115    
   79.738   972.1    -31.671 -0.1054E+05  -3160.     -0.3216E+06******************  -0.0000   2.6119   0.51534 -0.1184     -0.2337E-01 -20.3846  -0.0000  0.2585E+12 -0.8401E+06  -0.9325  0.2327    
   79.738   972.1    -32.672 -0.1060E+05  -2889.     -0.2941E+06******************  -0.0000   2.8748   0.51534 -0.1192     -0.2136E-01 -20.5360  -0.0000  0.2161E+12 -0.8454E+06  -0.9259  0.2549    
   79.738   972.1    -33.672 -0.1067E+05  -2605.     -0.2652E+06******************  -0.0000   3.2094   0.51534 -0.1200     -0.1926E-01 -20.6959  -0.0000  0.1757E+12 -0.8510E+06  -0.9189  0.2783    
   79.738   972.1    -34.672 -0.1075E+05  -2308.     -0.2349E+06******************  -0.0000   3.6473   0.51534 -0.1208     -0.1707E-01 -20.8643  -0.0000  0.1379E+12 -0.8569E+06  -0.9117  0.3027    
   79.738   972.1    -35.672 -0.1082E+05  -1998.     -0.2034E+06******************  -0.0000   4.2427   0.51534 -0.1217     -0.1478E-01 -21.0411  -0.0000  0.1034E+12 -0.8631E+06  -0.9041  0.3282    
   79.738   972.1    -36.672 -0.1090E+05  -1676.     -0.1706E+06******************  -0.0000   5.0952   0.51534 -0.1226     -0.1240E-01 -21.2260  -0.0000  0.7277E+11 -0.8695E+06  -0.8962  0.3547    
   79.738   972.1    -37.672 -0.1099E+05  -1342.     -0.1367E+06******************  -0.0000   6.4115   0.51534 -0.1235     -0.9928E-02 -21.4189  -0.0000  0.4667E+11 -0.8762E+06  -0.8879  0.3821    
   79.738   972.1    -38.672 -0.1107E+05  -996.8     -0.1015E+06******************  -0.0000   8.7025   0.51534 -0.1245     -0.7372E-02 -21.6197  -0.0000  0.2573E+11 -0.8831E+06  -0.8794  0.4104    
   79.738   972.1    -39.672 -0.1116E+05  -640.0     -0.6515E+05******************  -0.0000  13.6646   0.51534 -0.1255     -0.4733E-02 -21.8281  -0.0001  0.1061E+11 -0.8902E+06  -0.8705  0.4397    
   79.738   972.1    -40.672 -0.1126E+05  -272.3     -0.2772E+05******************  -0.0000  32.3821   0.51534 -0.1265     -0.2014E-02 -22.0440  -0.0005  0.1920E+10 -0.8976E+06  -0.8613  0.4698    
   79.738   972.1    -41.672 -0.1135E+05   105.8      0.1077E+059481.68230584.9336   0.0000 -84.0388   0.51534 -0.1276      0.7826E-03 -22.2669  -0.0031  0.2900E+09 -0.9052E+06  -0.8518  0.5008    
   79.738   972.1    -42.672 -0.1145E+05   493.9      0.5028E+05******************   0.0000 -18.1592   0.51534 -0.1287      0.3653E-02 -22.4968  -0.0001  0.6318E+10 -0.9131E+06  -0.8420  0.5325    
